#
# A fatal error has been detected by the Java Runtime Environment:
#
#  SIGBUS (0x7) at pc=0x00007f11fc0f3950, pid=6219, tid=6265
#
# JRE version: OpenJDK Runtime Environment Zulu17.44+53-CA (17.0.8.1+1) (build 17.0.8.1+1-LTS)
# Java VM: OpenJDK 64-Bit Server VM Zulu17.44+53-CA (17.0.8.1+1-LTS, mixed mode, sharing, tiered, compressed oops, compressed class ptrs, g1 gc, linux-amd64)
# Problematic frame:
# C  [libc.so.6+0x4199e]
#
# Core dump will be written. Default location: Core dumps may be processed with "/lib/systemd/systemd-coredump %P %u %g %s %t 9223372036854775808 %h" (or dumping to /home/bolzan/Documentos/Codes/todolist/core.6219)
#
# If you would like to submit a bug report, please visit:
#   http://www.azul.com/support/
#

---------------  S U M M A R Y ------------

Command Line: -XX:+ShowCodeDetailsInExceptionMessages com.aylmerbolzan.todolist.TodolistApplication

Host: Intel(R) Core(TM) i5-3230M CPU @ 2.60GHz, 4 cores, 5G, Freedesktop.org SDK 22.08 (Flatpak runtime)
Time: Fri Oct 13 15:45:48 2023 -03 elapsed time: 263.085134 seconds (0d 0h 4m 23s)

---------------  T H R E A D  ---------------

Current thread (0x00007f11f40f5c30):  VMThread "VM Thread" [stack: 0x00007f11f81eb000,0x00007f11f82eb000] [id=6265]

Stack: [0x00007f11f81eb000,0x00007f11f82eb000],  sp=0x00007f11f82e97c0,  free space=1017k
Native frames: (J=compiled Java code, j=interpreted, Vv=VM code, C=native code)
C  [libc.so.6+0x4199e]
C  [libc.so.6+0x41ace]
V  [libjvm.so+0xbe0b09]
V  [libjvm.so+0xf13725]
V  [libjvm.so+0xf13126]
V  [libjvm.so+0xf150eb]
V  [libjvm.so+0xf1553e]
V  [libjvm.so+0xf157b9]
V  [libjvm.so+0xe94a4d]
V  [libjvm.so+0xbd75e1]
C  [libc.so.6+0x8f25a]


siginfo: si_signo: 7 (SIGBUS), si_code: 2 (BUS_ADRERR), si_addr: 0x00007f11fc0f3950

Register to memory mapping:

RAX=0x00007f11fc0f3950: <offset 0x0000000000bb6950> in /run/flatpak/doc/6185d139/zulu17.44.53-ca-jdk17.0.8.1-linux_x64/lib/server/libjvm.so at 0x00007f11fb53d000
RBX=0x0 is NULL
RCX=0x00000000000004f2 is an unknown value
RDX=0x00005645e2ce5550 points into unknown readable memory: 0x0000000000000000 | 00 00 00 00 00 00 00 00
RSP=0x00007f11f82e97b8 points into unknown readable memory: 0x00007f11fc91399e | 9e 39 91 fc 11 7f 00 00
RBP=0x00007f11f82e9810 points into unknown readable memory: 0x00007f11f82e9820 | 20 98 2e f8 11 7f 00 00
RSI=0x0000000000000081 is an unknown value
RDI=0x00007f11fc8a3040: <offset 0x0000000001366040> in /run/flatpak/doc/6185d139/zulu17.44.53-ca-jdk17.0.8.1-linux_x64/lib/server/libjvm.so at 0x00007f11fb53d000
R8 =0x00007f11fc8a3040: <offset 0x0000000001366040> in /run/flatpak/doc/6185d139/zulu17.44.53-ca-jdk17.0.8.1-linux_x64/lib/server/libjvm.so at 0x00007f11fb53d000
R9 =0x00007f11f40165b0 points into unknown readable memory: 0x00007f11f4016320 | 20 63 01 f4 11 7f 00 00
R10=0xefd2bf636fbc87ee is an unknown value
R11=0x00007f11fca902d8: <offset 0x00000000001be2d8> in /usr/lib/x86_64-linux-gnu/libc.so.6 at 0x00007f11fc8d2000
R12=0x000000000000002b is an unknown value
R13=0x0000000000000081 is an unknown value
R14=0x00007f11fcad2d20: <offset 0x0000000000200d20> in /usr/lib/x86_64-linux-gnu/libc.so.6 at 0x00007f11fc8d2000
R15=0x00007f11fcad2d08: <offset 0x0000000000200d08> in /usr/lib/x86_64-linux-gnu/libc.so.6 at 0x00007f11fc8d2000


Registers:
RAX=0x00007f11fc0f3950, RBX=0x0000000000000000, RCX=0x00000000000004f2, RDX=0x00005645e2ce5550
RSP=0x00007f11f82e97b8, RBP=0x00007f11f82e9810, RSI=0x0000000000000081, RDI=0x00007f11fc8a3040
R8 =0x00007f11fc8a3040, R9 =0x00007f11f40165b0, R10=0xefd2bf636fbc87ee, R11=0x00007f11fca902d8
R12=0x000000000000002b, R13=0x0000000000000081, R14=0x00007f11fcad2d20, R15=0x00007f11fcad2d08
RIP=0x00007f11fc0f3950, EFLAGS=0x0000000000010246, CSGSFS=0x002b000000000033, ERR=0x0000000000000014
  TRAPNO=0x000000000000000e

Top of Stack: (sp=0x00007f11f82e97b8)
0x00007f11f82e97b8:   00007f11fc91399e 00000001fc4f81b1
0x00007f11f82e97c8:   00007f11f40ef7b8 00007f11f82e97f0
0x00007f11f82e97d8:   00007f11fcad1658 0000000000000000
0x00007f11f82e97e8:   00007f11f82e9840 00007f117edfe650 

Instructions: (pc=0x00007f11fc91399e)
0x00007f11fc91389e:   10 48 83 fe 03 0f 84 17 01 00 00 48 83 fe 04 0f
0x00007f11fc9138ae:   84 b5 00 00 00 48 83 fe 02 75 bf 48 8b 70 18 4c
0x00007f11fc9138be:   8b 40 20 48 89 f0 89 de 48 c1 c8 11 64 48 33 04
0x00007f11fc9138ce:   25 30 00 00 00 41 87 37 83 fe 01 0f 8f 69 01 00
0x00007f11fc9138de:   00 4c 89 c6 44 89 ef ff d0 be 01 00 00 00 89 d8
0x00007f11fc9138ee:   f0 41 0f b1 37 0f 85 b7 00 00 00 48 8b 05 00 f4
0x00007f11fc9138fe:   1b 00 4c 39 e0 0f 84 6f ff ff ff 48 8b 45 c8 4c
0x00007f11fc91390e:   8b 30 4d 85 f6 0f 85 5f ff ff ff 0f 1f 80 00 00
0x00007f11fc91391e:   00 00 c6 05 c5 f3 1b 00 01 31 c0 41 87 07 83 f8
0x00007f11fc91392e:   01 0f 8f 5a 01 00 00 80 7d b4 00 74 20 48 8d 1d
0x00007f11fc91393e:   d6 9e 1b 00 4c 8d 25 d7 9e 1b 00 4c 39 e3 73 0d
0x00007f11fc91394e:   66 90 ff 13 48 83 c3 08 4c 39 e3 72 f5 44 89 ef
0x00007f11fc91395e:   e8 cd 08 0a 00 0f 1f 44 00 00 48 8b 70 18 4c 8b
0x00007f11fc91396e:   40 20 48 c7 40 10 00 00 00 00 48 89 f0 89 de 48
0x00007f11fc91397e:   c1 c8 11 64 48 33 04 25 30 00 00 00 41 87 37 83
0x00007f11fc91398e:   fe 01 0f 8f d2 00 00 00 44 89 ee 4c 89 c7 ff d0
0x00007f11fc91399e:   be 01 00 00 00 89 d8 f0 41 0f b1 37 0f 84 49 ff
0x00007f11fc9139ae:   ff ff 4c 89 ff e8 28 a4 04 00 e9 3c ff ff ff 0f
0x00007f11fc9139be:   1f 00 48 8b 40 18 89 de 48 c1 c8 11 64 48 33 04
0x00007f11fc9139ce:   25 30 00 00 00 41 87 37 83 fe 01 7f 55 ff d0 be
0x00007f11fc9139de:   01 00 00 00 89 d8 f0 41 0f b1 37 0f 84 0a ff ff
0x00007f11fc9139ee:   ff 4c 89 ff e8 e9 a3 04 00 e9 fd fe ff ff 0f 1f
0x00007f11fc9139fe:   40 00 49 8b 06 48 8b 55 c8 48 89 02 48 85 c0 0f
0x00007f11fc913a0e:   84 0d ff ff ff 4c 89 f7 e8 45 69 fe ff 48 8b 45
0x00007f11fc913a1e:   c8 4c 8b 30 4d 85 f6 0f 85 4d fe ff ff e9 f0 fe
0x00007f11fc913a2e:   ff ff 4c 89 ff 48 89 45 c0 e8 64 a4 04 00 48 8b
0x00007f11fc913a3e:   45 c0 eb 99 66 0f 1f 44 00 00 4c 89 ff 48 89 45
0x00007f11fc913a4e:   b8 4c 89 45 c0 e8 48 a4 04 00 48 8b 45 b8 4c 8b
0x00007f11fc913a5e:   45 c0 e9 7a fe ff ff 0f 1f 00 4c 89 ff 48 89 45
0x00007f11fc913a6e:   b8 4c 89 45 c0 e8 28 a4 04 00 48 8b 45 b8 4c 8b
0x00007f11fc913a7e:   45 c0 e9 11 ff ff ff e8 26 06 00 00 e9 b8 fd ff
0x00007f11fc913a8e:   ff 4c 89 ff e8 09 a4 04 00 e9 99 fe ff ff 4c 89 


Stack slot to memory mapping:
stack at sp + 0 slots: 0x00000001fc4f81b1 is an unknown value
stack at sp + 1 slots: 0x00007f11f40ef7b8 points into unknown readable memory: 0x0000000000000095 | 95 00 00 00 00 00 00 00
stack at sp + 2 slots: 0x00007f11f82e97f0 points into unknown readable memory: 0x00007f117edfe650 | 50 e6 df 7e 11 7f 00 00
stack at sp + 3 slots: 0x00007f11fcad1658: <offset 0x00000000001ff658> in /usr/lib/x86_64-linux-gnu/libc.so.6 at 0x00007f11fc8d2000
stack at sp + 4 slots: 0x0 is NULL
stack at sp + 5 slots: 0x00007f11f82e9840 points into unknown readable memory: 0x0000000000000000 | 00 00 00 00 00 00 00 00
stack at sp + 6 slots: 0x00007f117edfe650 is pointing into the stack for thread: 0x00007f1168001210
stack at sp + 7 slots: 0x00007f11f40f5c30 points into unknown readable memory: 0x00007f11fc83cd80 | 80 cd 83 fc 11 7f 00 00

VM_Operation (0x00007f117edfe650): Exit, mode: safepoint, requested by thread 0x00007f1168001210


---------------  P R O C E S S  ---------------

Threads class SMR info:
_java_thread_list=0x00007f1130034b60, length=28, elements={
0x00007f11f40f9bd0, 0x00007f11f40fafc0, 0x00007f11f41044b0, 0x00007f11f4105870,
0x00007f11f4106c90, 0x00007f11f4108650, 0x00007f11f4109b90, 0x00007f11f410b010,
0x00007f11f412acf0, 0x00007f11f412e6e0, 0x00007f11f4aa47a0, 0x00007f1140132ec0,
0x00007f11f4aa3270, 0x00007f11f49b1f30, 0x00007f11f49b2de0, 0x00007f11f49a03c0,
0x00007f11f49a13c0, 0x00007f11f49abda0, 0x00007f11f49ad240, 0x00007f11f49ae6e0,
0x00007f11f49afb90, 0x00007f11f49bb420, 0x00007f11f49bc7d0, 0x00007f11f49bfae0,
0x00007f11f4026580, 0x00007f1168001210, 0x00007f1168002310, 0x00007f1168003320
}

Java Threads: ( => current thread )
  0x00007f11f40f9bd0 JavaThread "Reference Handler" daemon [_thread_blocked, id=6266, stack(0x00007f11f80e9000,0x00007f11f81e9000)]
  0x00007f11f40fafc0 JavaThread "Finalizer" daemon [_thread_blocked, id=6267, stack(0x00007f11d9c68000,0x00007f11d9d68000)]
  0x00007f11f41044b0 JavaThread "Signal Dispatcher" daemon [_thread_blocked, id=6268, stack(0x00007f11d98f0000,0x00007f11d99f0000)]
  0x00007f11f4105870 JavaThread "Service Thread" daemon [_thread_blocked, id=6269, stack(0x00007f11d97f0000,0x00007f11d98f0000)]
  0x00007f11f4106c90 JavaThread "Monitor Deflation Thread" daemon [_thread_blocked, id=6270, stack(0x00007f11d96f0000,0x00007f11d97f0000)]
  0x00007f11f4108650 JavaThread "C2 CompilerThread0" daemon [_thread_blocked, id=6271, stack(0x00007f11d95f0000,0x00007f11d96f0000)]
  0x00007f11f4109b90 JavaThread "C1 CompilerThread0" daemon [_thread_blocked, id=6272, stack(0x00007f11d94f0000,0x00007f11d95f0000)]
  0x00007f11f410b010 JavaThread "Sweeper thread" daemon [_thread_blocked, id=6273, stack(0x00007f11d93f0000,0x00007f11d94f0000)]
  0x00007f11f412acf0 JavaThread "Notification Thread" daemon [_thread_blocked, id=6274, stack(0x00007f11d92f0000,0x00007f11d93f0000)]
  0x00007f11f412e6e0 JavaThread "Common-Cleaner" daemon [_thread_blocked, id=6276, stack(0x00007f11d90ee000,0x00007f11d91ee000)]
  0x00007f11f4aa47a0 JavaThread "Catalina-utility-1" [_thread_blocked, id=6376, stack(0x00007f11d8eec000,0x00007f11d8fec000)]
  0x00007f1140132ec0 JavaThread "Catalina-utility-2" [_thread_blocked, id=6377, stack(0x00007f11d8be8000,0x00007f11d8ce8000)]
  0x00007f11f4aa3270 JavaThread "container-0" [_thread_blocked, id=6378, stack(0x00007f11d8ae8000,0x00007f11d8be8000)]
  0x00007f11f49b1f30 JavaThread "http-nio-8080-exec-1" daemon [_thread_blocked, id=6386, stack(0x00007f11d89e8000,0x00007f11d8ae8000)]
  0x00007f11f49b2de0 JavaThread "http-nio-8080-exec-2" daemon [_thread_blocked, id=6387, stack(0x00007f11d88e8000,0x00007f11d89e8000)]
  0x00007f11f49a03c0 JavaThread "http-nio-8080-exec-3" daemon [_thread_blocked, id=6388, stack(0x00007f11d87e8000,0x00007f11d88e8000)]
  0x00007f11f49a13c0 JavaThread "http-nio-8080-exec-4" daemon [_thread_blocked, id=6389, stack(0x00007f11d86e8000,0x00007f11d87e8000)]
  0x00007f11f49abda0 JavaThread "http-nio-8080-exec-5" daemon [_thread_blocked, id=6390, stack(0x00007f11d85e8000,0x00007f11d86e8000)]
  0x00007f11f49ad240 JavaThread "http-nio-8080-exec-6" daemon [_thread_blocked, id=6391, stack(0x00007f11d84e8000,0x00007f11d85e8000)]
  0x00007f11f49ae6e0 JavaThread "http-nio-8080-exec-7" daemon [_thread_blocked, id=6392, stack(0x00007f11d83e8000,0x00007f11d84e8000)]
  0x00007f11f49afb90 JavaThread "http-nio-8080-exec-8" daemon [_thread_blocked, id=6393, stack(0x00007f11d82e8000,0x00007f11d83e8000)]
  0x00007f11f49bb420 JavaThread "http-nio-8080-exec-9" daemon [_thread_blocked, id=6394, stack(0x00007f11d81e8000,0x00007f11d82e8000)]
  0x00007f11f49bc7d0 JavaThread "http-nio-8080-exec-10" daemon [_thread_blocked, id=6395, stack(0x00007f11d80e8000,0x00007f11d81e8000)]
  0x00007f11f49bfae0 JavaThread "http-nio-8080-Poller" daemon [_thread_in_vm, id=6396, stack(0x00007f117ef00000,0x00007f117f000000)]
  0x00007f11f4026580 JavaThread "DestroyJavaVM" [_thread_blocked, id=6235, stack(0x00007f11fb355000,0x00007f11fb455000)]
  0x00007f1168001210 JavaThread "SIGHUP handler" daemon [_thread_blocked, id=7529, stack(0x00007f117ed00000,0x00007f117ee00000)]
  0x00007f1168002310 JavaThread "SIGHUP handler" daemon [_thread_blocked, id=7530, stack(0x00007f117ec00000,0x00007f117ed00000)]
  0x00007f1168003320 JavaThread "SIGTERM handler" daemon [_thread_blocked, id=7533, stack(0x00007f117ee00000,0x00007f117ef00000)]

Other Threads:
=>0x00007f11f40f5c30 VMThread "VM Thread" [stack: 0x00007f11f81eb000,0x00007f11f82eb000] [id=6265]
  0x00007f11f406fed0 GCTaskThread "GC Thread#0" [stack: 0x00007f11f8d1f000,0x00007f11f8e1f000] [id=6259]
  0x00007f1178004fb0 GCTaskThread "GC Thread#1" [stack: 0x00007f11d8fee000,0x00007f11d90ee000] [id=6291]
  0x00007f1178006470 GCTaskThread "GC Thread#2" [stack: 0x00007f11d8dec000,0x00007f11d8eec000] [id=6318]
  0x00007f1178006e40 GCTaskThread "GC Thread#3" [stack: 0x00007f11d8cea000,0x00007f11d8dea000] [id=6319]
  0x00007f11f407c7c0 ConcurrentGCThread "G1 Main Marker" terminated
  0x00007f11f407d740 ConcurrentGCThread "G1 Conc#0" [stack: 0x00007f11f8b1b000,0x00007f11f8c1b000] [id=6261]
  0x00007f11f40cb500 ConcurrentGCThread "G1 Refine#0" terminated
  0x00007f11f40cc400 ConcurrentGCThread "G1 Service" terminated

Threads with active compile tasks:
C2 CompilerThread0  
[error occurred during error reporting (printing all threads), id 0xb, SIGSEGV (0xb) at pc=0x00007f11fc3e1231]

VM state: at safepoint (shutting down)

VM Mutex/Monitor currently owned by a thread:  ([mutex/lock_event])
[0x00007f11f4023720] Threads_lock - owner thread: 0x00007f11f40f5c30
[0x00007f11f4023ed0] Heap_lock - owner thread: 0x00007f1168001210

Heap address: 0x00000000a6400000, size: 1436 MB, Compressed Oops mode: 32-bit

CDS archive(s) mapped at: [0x00007f1183000000-0x00007f1183c10000-0x00007f1183c10000), size 12648448, SharedBaseAddress: 0x00007f1183000000, ArchiveRelocationMode: 1.
Compressed class space mapped at: 0x00007f1184000000-0x00007f11c4000000, reserved size: 1073741824
Narrow klass base: 0x00007f1183000000, Narrow klass shift: 0, Narrow klass range: 0x100000000

GC Precious Log:
 CPUs: 4 total, 4 available
 Memory: 5741M
 Large Page Support: Disabled
 NUMA Support: Disabled
 Compressed Oops: Enabled (32-bit)
 Heap Region Size: 1M
 Heap Min Capacity: 8M
 Heap Initial Capacity: 90M
 Heap Max Capacity: 1436M
 Pre-touch: Disabled
 Parallel Workers: 4
 Concurrent Workers: 1
 Concurrent Refinement Workers: 4
 Periodic GC: Disabled

Heap:
 garbage-first heap   total 45056K, used 25438K [0x00000000a6400000, 0x0000000100000000)
  region size 1024K, 18 young (18432K), 4 survivors (4096K)
 Metaspace       used 29913K, committed 30400K, reserved 1114112K
  class space    used 3739K, committed 3968K, reserved 1048576K

Heap Regions: E=young(eden), S=young(survivor), O=old, HS=humongous(starts), HC=humongous(continues), CS=collection set, F=free, OA=open archive, CA=closed archive, TAMS=top-at-mark-start (previous, next)
|   0|0x00000000a6400000, 0x00000000a6500000, 0x00000000a6500000|100%| O|  |TAMS 0x00000000a6500000, 0x00000000a6400000| Untracked 
|   1|0x00000000a6500000, 0x00000000a6600000, 0x00000000a6600000|100%| O|  |TAMS 0x00000000a6600000, 0x00000000a6500000| Untracked 
|   2|0x00000000a6600000, 0x00000000a6700000, 0x00000000a6700000|100%| O|  |TAMS 0x00000000a6700000, 0x00000000a6600000| Untracked 
|   3|0x00000000a6700000, 0x00000000a6800000, 0x00000000a6800000|100%| O|  |TAMS 0x00000000a6716e00, 0x00000000a6700000| Untracked 
|   4|0x00000000a6800000, 0x00000000a6900000, 0x00000000a6900000|100%| O|  |TAMS 0x00000000a6800000, 0x00000000a6800000| Untracked 
|   5|0x00000000a6900000, 0x00000000a6a00000, 0x00000000a6a00000|100%| O|  |TAMS 0x00000000a6900000, 0x00000000a6900000| Untracked 
|   6|0x00000000a6a00000, 0x00000000a6b00000, 0x00000000a6b00000|100%| O|  |TAMS 0x00000000a6a00000, 0x00000000a6a00000| Untracked 
|   7|0x00000000a6b00000, 0x00000000a6bdca00, 0x00000000a6c00000| 86%| O|  |TAMS 0x00000000a6b00000, 0x00000000a6b00000| Untracked 
|   8|0x00000000a6c00000, 0x00000000a6c00000, 0x00000000a6d00000|  0%| F|  |TAMS 0x00000000a6c00000, 0x00000000a6c00000| Untracked 
|   9|0x00000000a6d00000, 0x00000000a6d00000, 0x00000000a6e00000|  0%| F|  |TAMS 0x00000000a6d00000, 0x00000000a6d00000| Untracked 
|  10|0x00000000a6e00000, 0x00000000a6e00000, 0x00000000a6f00000|  0%| F|  |TAMS 0x00000000a6e00000, 0x00000000a6e00000| Untracked 
|  11|0x00000000a6f00000, 0x00000000a6f00000, 0x00000000a7000000|  0%| F|  |TAMS 0x00000000a6f00000, 0x00000000a6f00000| Untracked 
|  12|0x00000000a7000000, 0x00000000a7100000, 0x00000000a7100000|100%| S|CS|TAMS 0x00000000a7000000, 0x00000000a7000000| Complete 
|  13|0x00000000a7100000, 0x00000000a7200000, 0x00000000a7200000|100%| S|CS|TAMS 0x00000000a7100000, 0x00000000a7100000| Complete 
|  14|0x00000000a7200000, 0x00000000a7300000, 0x00000000a7300000|100%| S|CS|TAMS 0x00000000a7200000, 0x00000000a7200000| Complete 
|  15|0x00000000a7300000, 0x00000000a7400000, 0x00000000a7400000|100%| S|CS|TAMS 0x00000000a7300000, 0x00000000a7300000| Complete 
|  16|0x00000000a7400000, 0x00000000a7400000, 0x00000000a7500000|  0%| F|  |TAMS 0x00000000a7400000, 0x00000000a7400000| Untracked 
|  17|0x00000000a7500000, 0x00000000a7500000, 0x00000000a7600000|  0%| F|  |TAMS 0x00000000a7500000, 0x00000000a7500000| Untracked 
|  18|0x00000000a7600000, 0x00000000a7600000, 0x00000000a7700000|  0%| F|  |TAMS 0x00000000a7600000, 0x00000000a7600000| Untracked 
|  19|0x00000000a7700000, 0x00000000a7700000, 0x00000000a7800000|  0%| F|  |TAMS 0x00000000a7700000, 0x00000000a7700000| Untracked 
|  20|0x00000000a7800000, 0x00000000a7800000, 0x00000000a7900000|  0%| F|  |TAMS 0x00000000a7800000, 0x00000000a7800000| Untracked 
|  21|0x00000000a7900000, 0x00000000a7900000, 0x00000000a7a00000|  0%| F|  |TAMS 0x00000000a7900000, 0x00000000a7900000| Untracked 
|  22|0x00000000a7a00000, 0x00000000a7a00000, 0x00000000a7b00000|  0%| F|  |TAMS 0x00000000a7a00000, 0x00000000a7a00000| Untracked 
|  23|0x00000000a7b00000, 0x00000000a7b00000, 0x00000000a7c00000|  0%| F|  |TAMS 0x00000000a7b00000, 0x00000000a7b00000| Untracked 
|  24|0x00000000a7c00000, 0x00000000a7c00000, 0x00000000a7d00000|  0%| F|  |TAMS 0x00000000a7c00000, 0x00000000a7c00000| Untracked 
|  25|0x00000000a7d00000, 0x00000000a7d00000, 0x00000000a7e00000|  0%| F|  |TAMS 0x00000000a7d00000, 0x00000000a7d00000| Untracked 
|  26|0x00000000a7e00000, 0x00000000a7e00000, 0x00000000a7f00000|  0%| F|  |TAMS 0x00000000a7e00000, 0x00000000a7e00000| Untracked 
|  27|0x00000000a7f00000, 0x00000000a7f00000, 0x00000000a8000000|  0%| F|  |TAMS 0x00000000a7f00000, 0x00000000a7f00000| Untracked 
|  28|0x00000000a8000000, 0x00000000a801d848, 0x00000000a8100000| 11%| E|  |TAMS 0x00000000a8000000, 0x00000000a8000000| Complete 
|  29|0x00000000a8100000, 0x00000000a8200000, 0x00000000a8200000|100%| E|CS|TAMS 0x00000000a8100000, 0x00000000a8100000| Complete 
|  30|0x00000000a8200000, 0x00000000a8300000, 0x00000000a8300000|100%| E|CS|TAMS 0x00000000a8200000, 0x00000000a8200000| Complete 
|  31|0x00000000a8300000, 0x00000000a8400000, 0x00000000a8400000|100%| E|CS|TAMS 0x00000000a8300000, 0x00000000a8300000| Complete 
|  32|0x00000000a8400000, 0x00000000a8500000, 0x00000000a8500000|100%| E|CS|TAMS 0x00000000a8400000, 0x00000000a8400000| Complete 
|  33|0x00000000a8500000, 0x00000000a8600000, 0x00000000a8600000|100%| E|CS|TAMS 0x00000000a8500000, 0x00000000a8500000| Complete 
|  34|0x00000000a8600000, 0x00000000a8700000, 0x00000000a8700000|100%| E|CS|TAMS 0x00000000a8600000, 0x00000000a8600000| Complete 
|  35|0x00000000a8700000, 0x00000000a8800000, 0x00000000a8800000|100%| E|CS|TAMS 0x00000000a8700000, 0x00000000a8700000| Complete 
|  36|0x00000000a8800000, 0x00000000a8900000, 0x00000000a8900000|100%| E|  |TAMS 0x00000000a8800000, 0x00000000a8800000| Complete 
|  37|0x00000000a8900000, 0x00000000a8a00000, 0x00000000a8a00000|100%| E|CS|TAMS 0x00000000a8900000, 0x00000000a8900000| Complete 
|  38|0x00000000a8a00000, 0x00000000a8b00000, 0x00000000a8b00000|100%| E|CS|TAMS 0x00000000a8a00000, 0x00000000a8a00000| Complete 
|  81|0x00000000ab500000, 0x00000000ab600000, 0x00000000ab600000|100%| E|CS|TAMS 0x00000000ab500000, 0x00000000ab500000| Complete 
|  82|0x00000000ab600000, 0x00000000ab700000, 0x00000000ab700000|100%| E|CS|TAMS 0x00000000ab600000, 0x00000000ab600000| Complete 
|  89|0x00000000abd00000, 0x00000000abe00000, 0x00000000abe00000|100%| E|CS|TAMS 0x00000000abd00000, 0x00000000abd00000| Complete 
|1434|0x00000000ffe00000, 0x00000000ffe78000, 0x00000000fff00000| 46%|OA|  |TAMS 0x00000000ffe78000, 0x00000000ffe00000| Untracked 
|1435|0x00000000fff00000, 0x00000000fff83000, 0x0000000100000000| 51%|CA|  |TAMS 0x00000000fff83000, 0x00000000fff00000| Untracked 

Card table byte_map: [0x00007f11fa78d000,0x00007f11faa5b000] _byte_map_base: 0x00007f11fa25b000

Marking Bits (Prev, Next): (CMBitMap*) 0x00007f11f40709a0, (CMBitMap*) 0x00007f11f4070960
 Prev Bits: [0x00007f11dbd68000, 0x00007f11dd3d8000)
 Next Bits: [0x00007f11f8e4f000, 0x00007f11fa4bf000)

Polling page: 0x00007f11fcb21000

Metaspace:

Usage:
  Non-class:     25,56 MB used.
      Class:      3,65 MB used.
       Both:     29,21 MB used.

Virtual space:
  Non-class space:       64,00 MB reserved,      25,81 MB ( 40%) committed,  1 nodes.
      Class space:        1,00 GB reserved,       3,88 MB ( <1%) committed,  1 nodes.
             Both:        1,06 GB reserved,      29,69 MB (  3%) committed. 

Chunk freelists:
   Non-Class:  5,55 MB
       Class:  12,18 MB
        Both:  17,73 MB

MaxMetaspaceSize: unlimited
CompressedClassSpaceSize: 1,00 GB
Initial GC threshold: 21,00 MB
Current GC threshold: 35,12 MB
CDS: on
MetaspaceReclaimPolicy: balanced
 - commit_granule_bytes: 65536.
 - commit_granule_words: 8192.
 - virtual_space_node_default_size: 8388608.
 - enlarge_chunks_in_place: 1.
 - new_chunks_are_fully_committed: 0.
 - uncommit_free_chunks: 1.
 - use_allocation_guard: 0.
 - handle_deallocations: 1.


Internal statistics:

num_allocs_failed_limit: 3.
num_arena_births: 574.
num_arena_deaths: 0.
num_vsnodes_births: 2.
num_vsnodes_deaths: 0.
num_space_committed: 475.
num_space_uncommitted: 0.
num_chunks_returned_to_freelist: 3.
num_chunks_taken_from_freelist: 1632.
num_chunk_merges: 3.
num_chunk_splits: 1125.
num_chunks_enlarged: 832.
num_inconsistent_stats: 0.

CodeHeap 'non-profiled nmethods': size=120032Kb used=1469Kb max_used=1469Kb free=118562Kb
 bounds [0x00007f11e4ea0000, 0x00007f11e5110000, 0x00007f11ec3d8000]
CodeHeap 'profiled nmethods': size=120028Kb used=6272Kb max_used=6272Kb free=113755Kb
 bounds [0x00007f11dd3d8000, 0x00007f11dda08000, 0x00007f11e490f000]
CodeHeap 'non-nmethods': size=5700Kb used=1227Kb max_used=1263Kb free=4473Kb
 bounds [0x00007f11e490f000, 0x00007f11e4b7f000, 0x00007f11e4ea0000]
 total_blobs=4134 nmethods=3596 adapters=451
 compilation: enabled
              stopped_count=0, restarted_count=0
 full_count=0

Compilation events (20 events):
Event: 260,218 Thread 0x00007f11f4108650 3610       4       java.net.URI::match (56 bytes)
Event: 260,219 Thread 0x00007f11f4108650 nmethod 3610 0x00007f11e500ce10 code [0x00007f11e500cfa0, 0x00007f11e500d078]
Event: 260,744 Thread 0x00007f11f4108650 3611   !   4       jdk.internal.loader.BuiltinClassLoader$2::run (114 bytes)
Event: 260,804 Thread 0x00007f11f4108650 nmethod 3611 0x00007f11e500d190 code [0x00007f11e500d3e0, 0x00007f11e500e4d0]
Event: 260,804 Thread 0x00007f11f4108650 3612       4       java.lang.ClassLoader::getClassLoadingLock (35 bytes)
Event: 260,807 Thread 0x00007f11f4108650 nmethod 3612 0x00007f11e500ef90 code [0x00007f11e500f120, 0x00007f11e500f268]
Event: 262,546 Thread 0x00007f11f4109b90 3613       3       java.lang.ModuleLayer::boot (4 bytes)
Event: 262,546 Thread 0x00007f11f4109b90 nmethod 3613 0x00007f11dd9f5210 code [0x00007f11dd9f53a0, 0x00007f11dd9f5490]
Event: 262,546 Thread 0x00007f11f4109b90 3614       3       java.lang.StackTraceElement::<init> (10 bytes)
Event: 262,546 Thread 0x00007f11f4109b90 nmethod 3614 0x00007f11dd9f5510 code [0x00007f11dd9f56c0, 0x00007f11dd9f5830]
Event: 262,546 Thread 0x00007f11f4109b90 3615  s!   3       java.lang.StackTraceElement::computeFormat (71 bytes)
Event: 262,547 Thread 0x00007f11f4109b90 nmethod 3615 0x00007f11dd9f5910 code [0x00007f11dd9f5b20, 0x00007f11dd9f63d0]
Event: 262,547 Thread 0x00007f11f4109b90 3616       3       jdk.internal.misc.Unsafe::getAndAddInt (27 bytes)
Event: 262,548 Thread 0x00007f11f4109b90 nmethod 3616 0x00007f11dd9f6690 code [0x00007f11dd9f6840, 0x00007f11dd9f6a80]
Event: 262,548 Thread 0x00007f11f4109b90 3617   !   3       java.util.concurrent.ConcurrentHashMap::clear (176 bytes)
Event: 262,549 Thread 0x00007f11f4109b90 nmethod 3617 0x00007f11dd9f6b90 code [0x00007f11dd9f6de0, 0x00007f11dd9f77a0]
Event: 262,549 Thread 0x00007f11f4109b90 3619       3       java.util.HashSet::isEmpty (8 bytes)
Event: 262,549 Thread 0x00007f11f4109b90 nmethod 3619 0x00007f11dd9f7c10 code [0x00007f11dd9f7dc0, 0x00007f11dd9f8010]
Event: 262,550 Thread 0x00007f11f4108650 3618       4       java.util.concurrent.ConcurrentHashMap$EntryIterator::next (5 bytes)
Event: 262,552 Thread 0x00007f11f4109b90 3621       3       ch.qos.logback.classic.Logger::recursiveReset (58 bytes)

GC Heap History (10 events):
Event: 4,369 GC heap before
{Heap before GC invocations=0 (full 0):
 garbage-first heap   total 94208K, used 14316K [0x00000000a6400000, 0x0000000100000000)
  region size 1024K, 13 young (13312K), 0 survivors (0K)
 Metaspace       used 4625K, committed 4800K, reserved 1114112K
  class space    used 527K, committed 640K, reserved 1048576K
}
Event: 4,387 GC heap after
{Heap after GC invocations=1 (full 0):
 garbage-first heap   total 94208K, used 4048K [0x00000000a6400000, 0x0000000100000000)
  region size 1024K, 2 young (2048K), 2 survivors (2048K)
 Metaspace       used 4625K, committed 4800K, reserved 1114112K
  class space    used 527K, committed 640K, reserved 1048576K
}
Event: 6,153 GC heap before
{Heap before GC invocations=1 (full 0):
 garbage-first heap   total 94208K, used 17360K [0x00000000a6400000, 0x0000000100000000)
  region size 1024K, 16 young (16384K), 2 survivors (2048K)
 Metaspace       used 8160K, committed 8384K, reserved 1114112K
  class space    used 1029K, committed 1152K, reserved 1048576K
}
Event: 6,193 GC heap after
{Heap after GC invocations=2 (full 0):
 garbage-first heap   total 94208K, used 5399K [0x00000000a6400000, 0x0000000100000000)
  region size 1024K, 2 young (2048K), 2 survivors (2048K)
 Metaspace       used 8160K, committed 8384K, reserved 1114112K
  class space    used 1029K, committed 1152K, reserved 1048576K
}
Event: 12,420 GC heap before
{Heap before GC invocations=2 (full 0):
 garbage-first heap   total 94208K, used 57623K [0x00000000a6400000, 0x0000000100000000)
  region size 1024K, 53 young (54272K), 2 survivors (2048K)
 Metaspace       used 19712K, committed 20096K, reserved 1114112K
  class space    used 2451K, committed 2624K, reserved 1048576K
}
Event: 12,458 GC heap after
{Heap after GC invocations=3 (full 0):
 garbage-first heap   total 94208K, used 9177K [0x00000000a6400000, 0x0000000100000000)
  region size 1024K, 5 young (5120K), 5 survivors (5120K)
 Metaspace       used 19712K, committed 20096K, reserved 1114112K
  class space    used 2451K, committed 2624K, reserved 1048576K
}
Event: 13,624 GC heap before
{Heap before GC invocations=3 (full 0):
 garbage-first heap   total 94208K, used 15321K [0x00000000a6400000, 0x0000000100000000)
  region size 1024K, 12 young (12288K), 5 survivors (5120K)
 Metaspace       used 21203K, committed 21504K, reserved 1114112K
  class space    used 2673K, committed 2816K, reserved 1048576K
}
Event: 13,728 GC heap after
{Heap after GC invocations=4 (full 0):
 garbage-first heap   total 94208K, used 10470K [0x00000000a6400000, 0x0000000100000000)
  region size 1024K, 2 young (2048K), 2 survivors (2048K)
 Metaspace       used 21203K, committed 21504K, reserved 1114112K
  class space    used 2673K, committed 2816K, reserved 1048576K
}
Event: 17,589 GC heap before
{Heap before GC invocations=5 (full 0):
 garbage-first heap   total 45056K, used 35046K [0x00000000a6400000, 0x0000000100000000)
  region size 1024K, 26 young (26624K), 2 survivors (2048K)
 Metaspace       used 26496K, committed 26880K, reserved 1114112K
  class space    used 3329K, committed 3520K, reserved 1048576K
}
Event: 17,654 GC heap after
{Heap after GC invocations=6 (full 0):
 garbage-first heap   total 45056K, used 13150K [0x00000000a6400000, 0x0000000100000000)
  region size 1024K, 4 young (4096K), 4 survivors (4096K)
 Metaspace       used 26496K, committed 26880K, reserved 1114112K
  class space    used 3329K, committed 3520K, reserved 1048576K
}

Dll operation events (9 events):
Event: 0,415 Loaded shared library /run/flatpak/doc/6185d139/zulu17.44.53-ca-jdk17.0.8.1-linux_x64/lib/libjava.so
Event: 1,100 Loaded shared library /run/flatpak/doc/6185d139/zulu17.44.53-ca-jdk17.0.8.1-linux_x64/lib/libjsvml.so
Event: 1,404 Loaded shared library /run/flatpak/doc/6185d139/zulu17.44.53-ca-jdk17.0.8.1-linux_x64/lib/libnio.so
Event: 1,434 Loaded shared library /run/flatpak/doc/6185d139/zulu17.44.53-ca-jdk17.0.8.1-linux_x64/lib/libzip.so
Event: 2,068 Loaded shared library /run/flatpak/doc/6185d139/zulu17.44.53-ca-jdk17.0.8.1-linux_x64/lib/libjimage.so
Event: 2,345 Loaded shared library /run/flatpak/doc/6185d139/zulu17.44.53-ca-jdk17.0.8.1-linux_x64/lib/libnet.so
Event: 15,372 Loaded shared library /run/flatpak/doc/6185d139/zulu17.44.53-ca-jdk17.0.8.1-linux_x64/lib/libmanagement.so
Event: 15,403 Loaded shared library /run/flatpak/doc/6185d139/zulu17.44.53-ca-jdk17.0.8.1-linux_x64/lib/libmanagement_ext.so
Event: 18,058 Loaded shared library /run/flatpak/doc/6185d139/zulu17.44.53-ca-jdk17.0.8.1-linux_x64/lib/libextnet.so

Deoptimization events (20 events):
Event: 183,184 Thread 0x00007f11f49abda0 Uncommon trap: trap_request=0xffffffde fr.pc=0x00007f11e4f486ec relative=0x000000000000108c
Event: 183,184 Thread 0x00007f11f49abda0 Uncommon trap: reason=class_check action=maybe_recompile pc=0x00007f11e4f486ec method=java.util.concurrent.ConcurrentHashMap.putVal(Ljava/lang/Object;Ljava/lang/Object;Z)Ljava/lang/Object; @ 159 c2
Event: 183,184 Thread 0x00007f11f49abda0 DEOPT PACKING pc=0x00007f11e4f486ec sp=0x00007f11d86e42a0
Event: 183,184 Thread 0x00007f11f49abda0 DEOPT UNPACKING pc=0x00007f11e4965699 sp=0x00007f11d86e4220 mode 2
Event: 183,184 Thread 0x00007f11f49abda0 Uncommon trap: trap_request=0xffffffde fr.pc=0x00007f11e4f486ec relative=0x000000000000108c
Event: 183,184 Thread 0x00007f11f49abda0 Uncommon trap: reason=class_check action=maybe_recompile pc=0x00007f11e4f486ec method=java.util.concurrent.ConcurrentHashMap.putVal(Ljava/lang/Object;Ljava/lang/Object;Z)Ljava/lang/Object; @ 159 c2
Event: 183,184 Thread 0x00007f11f49abda0 DEOPT PACKING pc=0x00007f11e4f486ec sp=0x00007f11d86e44e0
Event: 183,184 Thread 0x00007f11f49abda0 DEOPT UNPACKING pc=0x00007f11e4965699 sp=0x00007f11d86e4460 mode 2
Event: 183,203 Thread 0x00007f11f49abda0 DEOPT PACKING pc=0x00007f11dd6bc86a sp=0x00007f11d86e4480
Event: 183,203 Thread 0x00007f11f49abda0 DEOPT UNPACKING pc=0x00007f11e4965e2f sp=0x00007f11d86e39b0 mode 0
Event: 183,218 Thread 0x00007f11f49abda0 DEOPT PACKING pc=0x00007f11dd88f0b1 sp=0x00007f11d86e4860
Event: 183,218 Thread 0x00007f11f49abda0 DEOPT UNPACKING pc=0x00007f11e4965e2f sp=0x00007f11d86e3d38 mode 0
Event: 183,289 Thread 0x00007f11f49abda0 Uncommon trap: trap_request=0xffffff45 fr.pc=0x00007f11e4f2ef08 relative=0x0000000000000248
Event: 183,289 Thread 0x00007f11f49abda0 Uncommon trap: reason=unstable_if action=reinterpret pc=0x00007f11e4f2ef08 method=java.util.HashMap.getNode(Ljava/lang/Object;)Ljava/util/HashMap$Node; @ 66 c2
Event: 183,289 Thread 0x00007f11f49abda0 DEOPT PACKING pc=0x00007f11e4f2ef08 sp=0x00007f11d86e3f30
Event: 183,289 Thread 0x00007f11f49abda0 DEOPT UNPACKING pc=0x00007f11e4965699 sp=0x00007f11d86e3ed0 mode 2
Event: 260,217 Thread 0x00007f112c0029e0 Uncommon trap: trap_request=0xffffff45 fr.pc=0x00007f11e4ee8efc relative=0x00000000000000dc
Event: 260,217 Thread 0x00007f112c0029e0 Uncommon trap: reason=unstable_if action=reinterpret pc=0x00007f11e4ee8efc method=sun.net.www.ParseUtil.firstEncodeIndex(Ljava/lang/String;)I @ 73 c2
Event: 260,217 Thread 0x00007f112c0029e0 DEOPT PACKING pc=0x00007f11e4ee8efc sp=0x00007f117eafdad0
Event: 260,218 Thread 0x00007f112c0029e0 DEOPT UNPACKING pc=0x00007f11e4965699 sp=0x00007f117eafda80 mode 2

Classes unloaded (0 events):
No events

Classes redefined (0 events):
No events

Internal exceptions (20 events):
Event: 14,639 Thread 0x00007f11f4026580 Exception <a 'java/lang/NoSuchMethodError'{0x00000000a87971d0}: 'java.lang.Object java.lang.invoke.DirectMethodHandle$Holder.invokeSpecial(java.lang.Object, java.lang.Object, long, java.lang.Object, java.lang.Object, java.lang.Object, java.lang.Object, java.lang.Object, java.lang.Object)'> (0x00000000a87971d0) 
thrown [src/hotspot/share/interpreter/linkResolver.cpp, line 759]
Event: 14,640 Thread 0x00007f11f4026580 Exception <a 'java/lang/NoSuchMethodError'{0x00000000a879bcf8}: 'java.lang.Object java.lang.invoke.DelegatingMethodHandle$Holder.reinvoke_L(java.lang.Object, long, java.lang.Object, java.lang.Object, java.lang.Object, java.lang.Object, java.lang.Object, java.lang.Object)'> (0x00000000a879bcf8) 
thrown [src/hotspot/share/interpreter/linkResolver.cpp, line 759]
Event: 15,469 Thread 0x00007f11f4026580 Exception <a 'java/io/FileNotFoundException'{0x00000000a84aacc8}> (0x00000000a84aacc8) 
thrown [src/hotspot/share/prims/jni.cpp, line 516]
Event: 15,609 Thread 0x00007f11f4026580 Exception <a 'java/lang/NoSuchMethodError'{0x00000000a83a0c28}: 'int java.lang.invoke.DirectMethodHandle$Holder.invokeInterface(java.lang.Object, java.lang.Object, java.lang.Object, java.lang.Object)'> (0x00000000a83a0c28) 
thrown [src/hotspot/share/interpreter/linkResolver.cpp, line 759]
Event: 15,844 Thread 0x00007f11f4026580 Exception <a 'java/lang/NoSuchMethodError'{0x00000000a815e3f0}: 'long java.lang.invoke.DirectMethodHandle$Holder.invokeVirtual(java.lang.Object, java.lang.Object)'> (0x00000000a815e3f0) 
thrown [src/hotspot/share/interpreter/linkResolver.cpp, line 759]
Event: 16,821 Thread 0x00007f11f4026580 Exception <a 'java/lang/NoSuchMethodError'{0x00000000a791fe00}: 'void java.lang.invoke.DirectMethodHandle$Holder.invokeVirtual(java.lang.Object, java.lang.Object, int)'> (0x00000000a791fe00) 
thrown [src/hotspot/share/interpreter/linkResolver.cpp, line 759]
Event: 16,839 Thread 0x00007f11f4026580 Exception <a 'java/lang/NoSuchMethodError'{0x00000000a793a958}: 'void java.lang.invoke.DirectMethodHandle$Holder.invokeVirtual(java.lang.Object, java.lang.Object, long)'> (0x00000000a793a958) 
thrown [src/hotspot/share/interpreter/linkResolver.cpp, line 759]
Event: 17,509 Thread 0x00007f11f4026580 Exception <a 'java/lang/IncompatibleClassChangeError'{0x00000000a744e478}: Found class java.lang.Object, but interface was expected> (0x00000000a744e478) 
thrown [src/hotspot/share/interpreter/linkResolver.cpp, line 826]
Event: 17,728 Thread 0x00007f11f4026580 Exception <a 'java/lang/NoSuchMethodError'{0x00000000abd72848}: 'int java.lang.invoke.DirectMethodHandle$Holder.invokeStaticInit(java.lang.Object, java.lang.Object, java.lang.Object, java.lang.Object)'> (0x00000000abd72848) 
thrown [src/hotspot/share/interpreter/linkResolver.cpp, line 759]
Event: 17,958 Thread 0x00007f11f4026580 Exception <a 'java/lang/NoSuchMethodError'{0x00000000ab5012d0}: 'java.lang.Object java.lang.invoke.DirectMethodHandle$Holder.newInvokeSpecial(java.lang.Object, java.lang.Object, int, java.lang.Object, java.lang.Object)'> (0x00000000ab5012d0) 
thrown [src/hotspot/share/interpreter/linkResolver.cpp, line 759]
Event: 17,964 Thread 0x00007f11f4026580 Exception <a 'java/lang/NoSuchMethodError'{0x00000000ab50c948}: 'java.lang.Object java.lang.invoke.DirectMethodHandle$Holder.invokeSpecial(java.lang.Object, java.lang.Object, int, java.lang.Object, int, java.lang.Object)'> (0x00000000ab50c948) 
thrown [src/hotspot/share/interpreter/linkResolver.cpp, line 759]
Event: 17,967 Thread 0x00007f11f4026580 Exception <a 'java/lang/NoSuchMethodError'{0x00000000ab514750}: 'java.lang.Object java.lang.invoke.DirectMethodHandle$Holder.newInvokeSpecial(java.lang.Object, java.lang.Object, int, java.lang.Object, int)'> (0x00000000ab514750) 
thrown [src/hotspot/share/interpreter/linkResolver.cpp, line 759]
Event: 17,968 Thread 0x00007f11f4026580 Exception <a 'java/lang/NoSuchMethodError'{0x00000000ab518850}: 'java.lang.Object java.lang.invoke.DirectMethodHandle$Holder.invokeSpecial(java.lang.Object, java.lang.Object, java.lang.Object, int, java.lang.Object, int)'> (0x00000000ab518850) 
thrown [src/hotspot/share/interpreter/linkResolver.cpp, line 759]
Event: 25,319 Thread 0x00007f11f49b2de0 Exception <a 'java/lang/NoSuchMethodError'{0x00000000a88b9f78}: 'java.lang.Object java.lang.invoke.DirectMethodHandle$Holder.invokeSpecial(java.lang.Object, java.lang.Object, java.lang.Object, java.lang.Object, java.lang.Object, long)'> (0x00000000a88b9f78) 
thrown [src/hotspot/share/interpreter/linkResolver.cpp, line 759]
Event: 25,320 Thread 0x00007f11f49b2de0 Exception <a 'java/lang/NoSuchMethodError'{0x00000000a88bd9b8}: 'java.lang.Object java.lang.invoke.Invokers$Holder.linkToTargetMethod(java.lang.Object, java.lang.Object, java.lang.Object, long, java.lang.Object)'> (0x00000000a88bd9b8) 
thrown [src/hotspot/share/interpreter/linkResolver.cpp, line 759]
Event: 25,691 Thread 0x00007f11f49b2de0 Exception <a 'java/lang/NoSuchMethodError'{0x00000000a8696e98}: 'java.lang.Object java.lang.invoke.DirectMethodHandle$Holder.invokeStatic(java.lang.Object, int, int)'> (0x00000000a8696e98) 
thrown [src/hotspot/share/interpreter/linkResolver.cpp, line 759]
Event: 262,544 Thread 0x00007f112c0029e0 Exception <a 'java/lang/ClassFormatError'{0x00000000a81e3310}: Incompatible magic value 0 in class file com/sun/beans/introspect/ClassInfo$1> (0x00000000a81e3310) 
thrown [src/hotspot/share/classfile/classFileError.cpp, line 49]
Event: 262,544 Thread 0x00007f112c0029e0 Exception <a 'java/lang/ClassFormatError'{0x00000000a81e39c8}: Incompatible magic value 0 in class file java/lang/ExceptionInInitializerError> (0x00000000a81e39c8) 
thrown [src/hotspot/share/classfile/classFileError.cpp, line 49]
Event: 262,544 Thread 0x00007f112c0029e0 Exception <a 'java/lang/ClassFormatError'{0x00000000a81e3310}> (0x00000000a81e3310) 
thrown [src/hotspot/share/oops/instanceKlass.cpp, line 1218]
Event: 262,550 Thread 0x00007f112c0029e0 Exception <a 'java/lang/NoSuchMethodError'{0x00000000a81f1e70}: 'void java.lang.invoke.DirectMethodHandle$Holder.invokeInterface(java.lang.Object, java.lang.Object)'> (0x00000000a81f1e70) 
thrown [src/hotspot/share/interpreter/linkResolver.cpp, line 759]

VM Operations (20 events):
Event: 166,288 Executing VM operation: Cleanup done
Event: 174,289 Executing VM operation: Cleanup
Event: 174,290 Executing VM operation: Cleanup done
Event: 176,290 Executing VM operation: Cleanup
Event: 176,290 Executing VM operation: Cleanup done
Event: 183,264 Executing VM operation: HandshakeAllThreads
Event: 183,264 Executing VM operation: HandshakeAllThreads done
Event: 183,264 Executing VM operation: Cleanup
Event: 183,264 Executing VM operation: Cleanup done
Event: 184,264 Executing VM operation: Cleanup
Event: 184,264 Executing VM operation: Cleanup done
Event: 240,363 Executing VM operation: HandshakeAllThreads
Event: 240,363 Executing VM operation: HandshakeAllThreads done
Event: 243,363 Executing VM operation: Cleanup
Event: 243,364 Executing VM operation: Cleanup done
Event: 244,364 Executing VM operation: Cleanup
Event: 244,364 Executing VM operation: Cleanup done
Event: 260,366 Executing VM operation: Cleanup
Event: 260,742 Executing VM operation: Cleanup done
Event: 262,553 Executing VM operation: Exit

Events (20 events):
Event: 260,219 loading class com/azul/tooling/in/NetConnectionEvent
Event: 260,219 Thread 0x00007f11f49c5490 Thread exited: 0x00007f11f49c5490
Event: 260,219 loading class com/azul/tooling/in/NetConnectionEvent done
Event: 260,745 loading class java/beans/ThreadGroupContext
Event: 260,746 loading class java/beans/ThreadGroupContext done
Event: 260,746 loading class java/beans/ThreadGroupContext$1
Event: 260,746 loading class java/beans/WeakIdentityMap
Event: 260,842 loading class java/beans/WeakIdentityMap done
Event: 260,842 loading class java/beans/ThreadGroupContext$1 done
Event: 260,842 loading class java/beans/WeakIdentityMap$Entry
Event: 260,843 loading class java/beans/WeakIdentityMap$Entry done
Event: 260,843 loading class com/sun/beans/introspect/ClassInfo
Event: 261,055 Thread 0x00007f1168003320 Thread added: 0x00007f1168003320
Event: 261,059 Protecting memory [0x00007f117ee00000,0x00007f117ee04000] with protection modes 0
Event: 261,133 loading class com/sun/beans/introspect/ClassInfo done
Event: 261,133 loading class com/sun/beans/introspect/ClassInfo$1
Event: 262,544 loading class com/sun/beans/introspect/ClassInfo$1 done
Event: 262,544 loading class java/lang/ExceptionInInitializerError
Event: 262,544 loading class java/lang/ExceptionInInitializerError done
Event: 262,553 Thread 0x00007f112c0029e0 Thread exited: 0x00007f112c0029e0


Dynamic libraries:
a6400000-a8b00000 rw-p 00000000 00:00 0 
a8b00000-ab500000 ---p 00000000 00:00 0 
ab500000-ab700000 rw-p 00000000 00:00 0 
ab700000-abd00000 ---p 00000000 00:00 0 
abd00000-abe00000 rw-p 00000000 00:00 0 
abe00000-ffe00000 ---p 00000000 00:00 0 
ffe00000-ffe78000 rw-p 00ccd000 00:2c 3809995865364837655                /run/flatpak/doc/6185d139/zulu17.44.53-ca-jdk17.0.8.1-linux_x64/lib/server/classes.jsa
ffe78000-fff00000 rw-p 00000000 00:00 0 
fff00000-fff83000 rw-p 00c4a000 00:2c 3809995865364837655                /run/flatpak/doc/6185d139/zulu17.44.53-ca-jdk17.0.8.1-linux_x64/lib/server/classes.jsa
fff83000-100000000 rw-p 00000000 00:00 0 
5645e12d5000-5645e12d6000 r-xp 00000000 00:2c 17359332221109115961       /run/flatpak/doc/6185d139/zulu17.44.53-ca-jdk17.0.8.1-linux_x64/bin/java
5645e12d7000-5645e12d8000 r--p 00001000 00:2c 17359332221109115961       /run/flatpak/doc/6185d139/zulu17.44.53-ca-jdk17.0.8.1-linux_x64/bin/java
5645e12d8000-5645e12d9000 rw-p 00002000 00:2c 17359332221109115961       /run/flatpak/doc/6185d139/zulu17.44.53-ca-jdk17.0.8.1-linux_x64/bin/java
5645e2cd0000-5645e2d19000 rw-p 00000000 00:00 0                          [heap]
7f1118000000-7f1118021000 rw-p 00000000 00:00 0 
7f1118021000-7f111c000000 ---p 00000000 00:00 0 
7f111c000000-7f111c021000 rw-p 00000000 00:00 0 
7f111c021000-7f1120000000 ---p 00000000 00:00 0 
7f1120000000-7f1120021000 rw-p 00000000 00:00 0 
7f1120021000-7f1124000000 ---p 00000000 00:00 0 
7f1124000000-7f11240d3000 rw-p 00000000 00:00 0 
7f11240d3000-7f1128000000 ---p 00000000 00:00 0 
7f1128000000-7f1128192000 rw-p 00000000 00:00 0 
7f1128192000-7f112c000000 ---p 00000000 00:00 0 
7f112c000000-7f112c021000 rw-p 00000000 00:00 0 
7f112c021000-7f1130000000 ---p 00000000 00:00 0 
7f1130000000-7f113006f000 rw-p 00000000 00:00 0 
7f113006f000-7f1134000000 ---p 00000000 00:00 0 
7f1134000000-7f1134021000 rw-p 00000000 00:00 0 
7f1134021000-7f1138000000 ---p 00000000 00:00 0 
7f1138000000-7f1138021000 rw-p 00000000 00:00 0 
7f1138021000-7f113c000000 ---p 00000000 00:00 0 
7f113c000000-7f113c021000 rw-p 00000000 00:00 0 
7f113c021000-7f1140000000 ---p 00000000 00:00 0 
7f1140000000-7f11401f9000 rw-p 00000000 00:00 0 
7f11401f9000-7f1144000000 ---p 00000000 00:00 0 
7f1144000000-7f1144021000 rw-p 00000000 00:00 0 
7f1144021000-7f1148000000 ---p 00000000 00:00 0 
7f1148000000-7f1148021000 rw-p 00000000 00:00 0 
7f1148021000-7f114c000000 ---p 00000000 00:00 0 
7f114c000000-7f114c021000 rw-p 00000000 00:00 0 
7f114c021000-7f1150000000 ---p 00000000 00:00 0 
7f1150000000-7f1150021000 rw-p 00000000 00:00 0 
7f1150021000-7f1154000000 ---p 00000000 00:00 0 
7f1154000000-7f1154021000 rw-p 00000000 00:00 0 
7f1154021000-7f1158000000 ---p 00000000 00:00 0 
7f1158000000-7f1158717000 rw-p 00000000 00:00 0 
7f1158717000-7f115c000000 ---p 00000000 00:00 0 
7f115c000000-7f115c021000 rw-p 00000000 00:00 0 
7f115c021000-7f1160000000 ---p 00000000 00:00 0 
7f1160000000-7f1160021000 rw-p 00000000 00:00 0 
7f1160021000-7f1164000000 ---p 00000000 00:00 0 
7f1164000000-7f1165958000 rw-p 00000000 00:00 0 
7f1165958000-7f1168000000 ---p 00000000 00:00 0 
7f1168000000-7f1168021000 rw-p 00000000 00:00 0 
7f1168021000-7f116c000000 ---p 00000000 00:00 0 
7f116c000000-7f116c021000 rw-p 00000000 00:00 0 
7f116c021000-7f1170000000 ---p 00000000 00:00 0 
7f1170000000-7f1170021000 rw-p 00000000 00:00 0 
7f1170021000-7f1174000000 ---p 00000000 00:00 0 
7f1174000000-7f1174021000 rw-p 00000000 00:00 0 
7f1174021000-7f1178000000 ---p 00000000 00:00 0 
7f1178000000-7f1178027000 rw-p 00000000 00:00 0 
7f1178027000-7f117c000000 ---p 00000000 00:00 0 
7f117ea00000-7f117ea04000 ---p 00000000 00:00 0 
7f117ea04000-7f117eb00000 rw-p 00000000 00:00 0 
7f117eb00000-7f117eb04000 ---p 00000000 00:00 0 
7f117eb04000-7f117ec00000 rw-p 00000000 00:00 0 
7f117ec00000-7f117ec04000 ---p 00000000 00:00 0 
7f117ec04000-7f117ed00000 rw-p 00000000 00:00 0 
7f117ed00000-7f117ed04000 ---p 00000000 00:00 0 
7f117ed04000-7f117ee00000 rw-p 00000000 00:00 0 
7f117ee00000-7f117ee04000 ---p 00000000 00:00 0 
7f117ee04000-7f117ef00000 rw-p 00000000 00:00 0 
7f117ef00000-7f117ef04000 ---p 00000000 00:00 0 
7f117ef04000-7f117f400000 rw-p 00000000 00:00 0 
7f117f400000-7f1180100000 rw-p 00000000 00:00 0 
7f1180100000-7f1180200000 rw-p 00000000 00:00 0 
7f1180200000-7f11803c0000 rw-p 00000000 00:00 0 
7f11803c0000-7f1180400000 rw-p 00000000 00:00 0 
7f1180400000-7f1180500000 rw-p 00000000 00:00 0 
7f1180500000-7f1180600000 rw-p 00000000 00:00 0 
7f1180600000-7f1180900000 rw-p 00000000 00:00 0 
7f1180900000-7f1180950000 rw-p 00000000 00:00 0 
7f1180950000-7f1180a00000 ---p 00000000 00:00 0 
7f1180a00000-7f1180a80000 rw-p 00000000 00:00 0 
7f1180a80000-7f1183000000 ---p 00000000 00:00 0 
7f1183000000-7f1183483000 rw-p 00001000 00:2c 3809995865364837655        /run/flatpak/doc/6185d139/zulu17.44.53-ca-jdk17.0.8.1-linux_x64/lib/server/classes.jsa
7f1183483000-7f1183c10000 rw-p 00484000 00:2c 3809995865364837655        /run/flatpak/doc/6185d139/zulu17.44.53-ca-jdk17.0.8.1-linux_x64/lib/server/classes.jsa
7f1183c10000-7f1184000000 ---p 00000000 00:00 0 
7f1184000000-7f1184040000 rw-p 00000000 00:00 0 
7f1184040000-7f1184080000 rw-p 00000000 00:00 0 
7f1184080000-7f11840e0000 rw-p 00000000 00:00 0 
7f11840e0000-7f1184100000 rw-p 00000000 00:00 0 
7f1184100000-7f11842c0000 rw-p 00000000 00:00 0 
7f11842c0000-7f1184300000 rw-p 00000000 00:00 0 
7f1184300000-7f11843e0000 rw-p 00000000 00:00 0 
7f11843e0000-7f11c4000000 ---p 00000000 00:00 0 
7f11c4000000-7f11c4021000 rw-p 00000000 00:00 0 
7f11c4021000-7f11c8000000 ---p 00000000 00:00 0 
7f11c8000000-7f11c8021000 rw-p 00000000 00:00 0 
7f11c8021000-7f11cc000000 ---p 00000000 00:00 0 
7f11cc000000-7f11cc021000 rw-p 00000000 00:00 0 
7f11cc021000-7f11d0000000 ---p 00000000 00:00 0 
7f11d0000000-7f11d0021000 rw-p 00000000 00:00 0 
7f11d0021000-7f11d4000000 ---p 00000000 00:00 0 
7f11d4000000-7f11d4021000 rw-p 00000000 00:00 0 
7f11d4021000-7f11d8000000 ---p 00000000 00:00 0 
7f11d80e8000-7f11d80ec000 ---p 00000000 00:00 0 
7f11d80ec000-7f11d81e8000 rw-p 00000000 00:00 0 
7f11d81e8000-7f11d81ec000 ---p 00000000 00:00 0 
7f11d81ec000-7f11d82e8000 rw-p 00000000 00:00 0 
7f11d82e8000-7f11d82ec000 ---p 00000000 00:00 0 
7f11d82ec000-7f11d83e8000 rw-p 00000000 00:00 0 
7f11d83e8000-7f11d83ec000 ---p 00000000 00:00 0 
7f11d83ec000-7f11d84e8000 rw-p 00000000 00:00 0 
7f11d84e8000-7f11d84ec000 ---p 00000000 00:00 0 
7f11d84ec000-7f11d85e8000 rw-p 00000000 00:00 0 
7f11d85e8000-7f11d85ec000 ---p 00000000 00:00 0 
7f11d85ec000-7f11d86e8000 rw-p 00000000 00:00 0 
7f11d86e8000-7f11d86ec000 ---p 00000000 00:00 0 
7f11d86ec000-7f11d87e8000 rw-p 00000000 00:00 0 
7f11d87e8000-7f11d87ec000 ---p 00000000 00:00 0 
7f11d87ec000-7f11d88e8000 rw-p 00000000 00:00 0 
7f11d88e8000-7f11d88ec000 ---p 00000000 00:00 0 
7f11d88ec000-7f11d89e8000 rw-p 00000000 00:00 0 
7f11d89e8000-7f11d89ec000 ---p 00000000 00:00 0 
7f11d89ec000-7f11d8ae8000 rw-p 00000000 00:00 0 
7f11d8ae8000-7f11d8aec000 ---p 00000000 00:00 0 
7f11d8aec000-7f11d8be8000 rw-p 00000000 00:00 0 
7f11d8be8000-7f11d8bec000 ---p 00000000 00:00 0 
7f11d8bec000-7f11d8ce8000 rw-p 00000000 00:00 0 
7f11d8ce8000-7f11d8ce9000 ---p 00000000 00:00 0 
7f11d8ce9000-7f11d8dea000 rw-p 00000000 00:00 0 
7f11d8dea000-7f11d8deb000 ---p 00000000 00:00 0 
7f11d8deb000-7f11d8eec000 rw-p 00000000 00:00 0 
7f11d8eec000-7f11d8ef0000 ---p 00000000 00:00 0 
7f11d8ef0000-7f11d8fec000 rw-p 00000000 00:00 0 
7f11d8fec000-7f11d8fed000 ---p 00000000 00:00 0 
7f11d8fed000-7f11d90ee000 rw-p 00000000 00:00 0 
7f11d90ee000-7f11d90f2000 ---p 00000000 00:00 0 
7f11d90f2000-7f11d91ee000 rw-p 00000000 00:00 0 
7f11d91ee000-7f11d91ef000 ---p 00000000 00:00 0 
7f11d91ef000-7f11d92f0000 rw-p 00000000 00:00 0 
7f11d92f0000-7f11d92f4000 ---p 00000000 00:00 0 
7f11d92f4000-7f11d93f0000 rw-p 00000000 00:00 0 
7f11d93f0000-7f11d93f4000 ---p 00000000 00:00 0 
7f11d93f4000-7f11d94f0000 rw-p 00000000 00:00 0 
7f11d94f0000-7f11d94f4000 ---p 00000000 00:00 0 
7f11d94f4000-7f11d95f0000 rw-p 00000000 00:00 0 
7f11d95f0000-7f11d95f4000 ---p 00000000 00:00 0 
7f11d95f4000-7f11d96f0000 rw-p 00000000 00:00 0 
7f11d96f0000-7f11d96f4000 ---p 00000000 00:00 0 
7f11d96f4000-7f11d97f0000 rw-p 00000000 00:00 0 
7f11d97f0000-7f11d97f4000 ---p 00000000 00:00 0 
7f11d97f4000-7f11d98f0000 rw-p 00000000 00:00 0 
7f11d98f0000-7f11d98f4000 ---p 00000000 00:00 0 
7f11d98f4000-7f11d99f0000 rw-p 00000000 00:00 0 
7f11d99f0000-7f11d9c68000 r--p 00000000 08:05 651157                     /usr/share/runtime/locale/pt/lib/pt_BR.utf8/LC_COLLATE
7f11d9c68000-7f11d9c6c000 ---p 00000000 00:00 0 
7f11d9c6c000-7f11dbe04000 rw-p 00000000 00:00 0 
7f11dbe04000-7f11dbeac000 ---p 00000000 00:00 0 
7f11dbeac000-7f11dbeb4000 rw-p 00000000 00:00 0 
7f11dbeb4000-7f11dbecc000 ---p 00000000 00:00 0 
7f11dbecc000-7f11dbed0000 rw-p 00000000 00:00 0 
7f11dbed0000-7f11dd3d0000 ---p 00000000 00:00 0 
7f11dd3d0000-7f11dd3d8000 rw-p 00000000 00:00 0 
7f11dd3d8000-7f11dda08000 rwxp 00000000 00:00 0 
7f11dda08000-7f11e490f000 ---p 00000000 00:00 0 
7f11e490f000-7f11e4b7f000 rwxp 00000000 00:00 0 
7f11e4b7f000-7f11e4ea0000 ---p 00000000 00:00 0 
7f11e4ea0000-7f11e5110000 rwxp 00000000 00:00 0 
7f11e5110000-7f11ec3d8000 ---p 00000000 00:00 0 
7f11ec3d8000-7f11f4000000 r--s 00000000 00:2c 94177331719902071          /run/flatpak/doc/6185d139/zulu17.44.53-ca-jdk17.0.8.1-linux_x64/lib/modules
7f11f4000000-7f11f4abc000 rw-p 00000000 00:00 0 
7f11f4abc000-7f11f8000000 ---p 00000000 00:00 0 
7f11f801e000-7f11f8023000 r-xp 00000000 00:2c 2786661700919089928        /run/flatpak/doc/6185d139/zulu17.44.53-ca-jdk17.0.8.1-linux_x64/lib/libmanagement_ext.so
7f11f8023000-7f11f8024000 ---p 00005000 00:2c 2786661700919089928        /run/flatpak/doc/6185d139/zulu17.44.53-ca-jdk17.0.8.1-linux_x64/lib/libmanagement_ext.so
7f11f8024000-7f11f8025000 r--p 00005000 00:2c 2786661700919089928        /run/flatpak/doc/6185d139/zulu17.44.53-ca-jdk17.0.8.1-linux_x64/lib/libmanagement_ext.so
7f11f8025000-7f11f8026000 rw-p 00006000 00:2c 2786661700919089928        /run/flatpak/doc/6185d139/zulu17.44.53-ca-jdk17.0.8.1-linux_x64/lib/libmanagement_ext.so
7f11f8026000-7f11f804a000 r--p 00000000 08:05 651035                     /usr/share/runtime/locale/pt/share/pt_BR/LC_MESSAGES/libc.mo
7f11f804a000-7f11f807b000 rw-p 00000000 00:00 0 
7f11f807b000-7f11f8090000 r-xp 00000000 00:2c 16902490378922858652       /run/flatpak/doc/6185d139/zulu17.44.53-ca-jdk17.0.8.1-linux_x64/lib/libnet.so
7f11f8090000-7f11f8091000 r--p 00014000 00:2c 16902490378922858652       /run/flatpak/doc/6185d139/zulu17.44.53-ca-jdk17.0.8.1-linux_x64/lib/libnet.so
7f11f8091000-7f11f8092000 rw-p 00015000 00:2c 16902490378922858652       /run/flatpak/doc/6185d139/zulu17.44.53-ca-jdk17.0.8.1-linux_x64/lib/libnet.so
7f11f8092000-7f11f80e9000 r--p 00000000 08:05 650973                     /usr/share/runtime/locale/pt/lib/pt_BR.utf8/LC_CTYPE
7f11f80e9000-7f11f80ed000 ---p 00000000 00:00 0 
7f11f80ed000-7f11f81e9000 rw-p 00000000 00:00 0 
7f11f81e9000-7f11f81ea000 ---p 00000000 00:00 0 
7f11f81ea000-7f11f82eb000 rw-p 00000000 00:00 0 
7f11f82eb000-7f11f83b9000 r-xp 00000000 00:2c 9830054138695281847        /run/flatpak/doc/6185d139/zulu17.44.53-ca-jdk17.0.8.1-linux_x64/lib/libjsvml.so
7f11f83b9000-7f11f83ba000 r--p 000cd000 00:2c 9830054138695281847        /run/flatpak/doc/6185d139/zulu17.44.53-ca-jdk17.0.8.1-linux_x64/lib/libjsvml.so
7f11f83ba000-7f11f83bb000 rw-p 000ce000 00:2c 9830054138695281847        /run/flatpak/doc/6185d139/zulu17.44.53-ca-jdk17.0.8.1-linux_x64/lib/libjsvml.so
7f11f83bb000-7f11f84d8000 rw-p 00000000 00:00 0 
7f11f84da000-7f11f84dc000 r-xp 00000000 00:2c 16093332400656774052       /run/flatpak/doc/6185d139/zulu17.44.53-ca-jdk17.0.8.1-linux_x64/lib/libextnet.so
7f11f84dc000-7f11f84dd000 r--p 00001000 00:2c 16093332400656774052       /run/flatpak/doc/6185d139/zulu17.44.53-ca-jdk17.0.8.1-linux_x64/lib/libextnet.so
7f11f84dd000-7f11f84de000 rw-p 00002000 00:2c 16093332400656774052       /run/flatpak/doc/6185d139/zulu17.44.53-ca-jdk17.0.8.1-linux_x64/lib/libextnet.so
7f11f84de000-7f11f84e2000 r-xp 00000000 00:2c 6160347723181479507        /run/flatpak/doc/6185d139/zulu17.44.53-ca-jdk17.0.8.1-linux_x64/lib/libmanagement.so
7f11f84e2000-7f11f84e3000 r--p 00003000 00:2c 6160347723181479507        /run/flatpak/doc/6185d139/zulu17.44.53-ca-jdk17.0.8.1-linux_x64/lib/libmanagement.so
7f11f84e3000-7f11f84e4000 rw-p 00004000 00:2c 6160347723181479507        /run/flatpak/doc/6185d139/zulu17.44.53-ca-jdk17.0.8.1-linux_x64/lib/libmanagement.so
7f11f84e4000-7f11f84eb000 r-xp 00000000 00:2c 15373009112261151854       /run/flatpak/doc/6185d139/zulu17.44.53-ca-jdk17.0.8.1-linux_x64/lib/libzip.so
7f11f84eb000-7f11f84ec000 ---p 00007000 00:2c 15373009112261151854       /run/flatpak/doc/6185d139/zulu17.44.53-ca-jdk17.0.8.1-linux_x64/lib/libzip.so
7f11f84ec000-7f11f84ed000 r--p 00007000 00:2c 15373009112261151854       /run/flatpak/doc/6185d139/zulu17.44.53-ca-jdk17.0.8.1-linux_x64/lib/libzip.so
7f11f84ed000-7f11f84ee000 rw-p 00008000 00:2c 15373009112261151854       /run/flatpak/doc/6185d139/zulu17.44.53-ca-jdk17.0.8.1-linux_x64/lib/libzip.so
7f11f84ee000-7f11f8500000 r-xp 00000000 00:2c 13832360893335892651       /run/flatpak/doc/6185d139/zulu17.44.53-ca-jdk17.0.8.1-linux_x64/lib/libnio.so
7f11f8500000-7f11f8501000 ---p 00012000 00:2c 13832360893335892651       /run/flatpak/doc/6185d139/zulu17.44.53-ca-jdk17.0.8.1-linux_x64/lib/libnio.so
7f11f8501000-7f11f8502000 r--p 00012000 00:2c 13832360893335892651       /run/flatpak/doc/6185d139/zulu17.44.53-ca-jdk17.0.8.1-linux_x64/lib/libnio.so
7f11f8502000-7f11f8503000 rw-p 00013000 00:2c 13832360893335892651       /run/flatpak/doc/6185d139/zulu17.44.53-ca-jdk17.0.8.1-linux_x64/lib/libnio.so
7f11f8503000-7f11f8504000 r--p 00000000 08:05 651029                     /usr/share/runtime/locale/pt/lib/pt_BR.utf8/LC_NUMERIC
7f11f8504000-7f11f8505000 r--p 00000000 08:05 650956                     /usr/share/runtime/locale/pt/lib/pt_BR.utf8/LC_TIME
7f11f8505000-7f11f8506000 r--p 00000000 08:05 651101                     /usr/share/runtime/locale/pt/lib/pt_BR.utf8/LC_MONETARY
7f11f8506000-7f11f8507000 r--p 00000000 08:05 650986                     /usr/share/runtime/locale/pt/lib/pt_BR.utf8/LC_MESSAGES/SYS_LC_MESSAGES
7f11f8507000-7f11f8508000 r--p 00000000 08:05 651046                     /usr/share/runtime/locale/pt/lib/pt_BR.utf8/LC_PAPER
7f11f8508000-7f11f8509000 r--p 00000000 08:05 651028                     /usr/share/runtime/locale/pt/lib/pt_BR.utf8/LC_NAME
7f11f8509000-7f11f850a000 r--p 00000000 08:05 650955                     /usr/share/runtime/locale/pt/lib/pt_BR.utf8/LC_ADDRESS
7f11f850a000-7f11f8511000 r--s 00000000 08:05 655035                     /usr/lib/x86_64-linux-gnu/gconv/gconv-modules.cache
7f11f8511000-7f11f8512000 ---p 00000000 00:00 0 
7f11f8512000-7f11f8613000 rw-p 00000000 00:00 0 
7f11f8613000-7f11f8614000 ---p 00000000 00:00 0 
7f11f8614000-7f11f8b19000 rw-p 00000000 00:00 0 
7f11f8b19000-7f11f8b1a000 ---p 00000000 00:00 0 
7f11f8b1a000-7f11f8c1b000 rw-p 00000000 00:00 0 
7f11f8c1b000-7f11f8c1c000 ---p 00000000 00:00 0 
7f11f8c1c000-7f11f8d1d000 rw-p 00000000 00:00 0 
7f11f8d1d000-7f11f8d1e000 ---p 00000000 00:00 0 
7f11f8d1e000-7f11f8eeb000 rw-p 00000000 00:00 0 
7f11f8eeb000-7f11f8f93000 ---p 00000000 00:00 0 
7f11f8f93000-7f11f8f9b000 rw-p 00000000 00:00 0 
7f11f8f9b000-7f11f8fb3000 ---p 00000000 00:00 0 
7f11f8fb3000-7f11f8fb7000 rw-p 00000000 00:00 0 
7f11f8fb7000-7f11fa4b7000 ---p 00000000 00:00 0 
7f11fa4b7000-7f11fa4d3000 rw-p 00000000 00:00 0 
7f11fa4d3000-7f11fa4e7000 ---p 00000000 00:00 0 
7f11fa4e7000-7f11fa4e9000 rw-p 00000000 00:00 0 
7f11fa4e9000-7f11fa4eb000 ---p 00000000 00:00 0 
7f11fa4eb000-7f11fa4ec000 rw-p 00000000 00:00 0 
7f11fa4ec000-7f11fa78c000 ---p 00000000 00:00 0 
7f11fa78c000-7f11fa7a1000 rw-p 00000000 00:00 0 
7f11fa7a1000-7f11fa7b5000 ---p 00000000 00:00 0 
7f11fa7b5000-7f11fa7b7000 rw-p 00000000 00:00 0 
7f11fa7b7000-7f11fa7b9000 ---p 00000000 00:00 0 
7f11fa7b9000-7f11fa7ba000 rw-p 00000000 00:00 0 
7f11fa7ba000-7f11faa5a000 ---p 00000000 00:00 0 
7f11faa5a000-7f11faa6f000 rw-p 00000000 00:00 0 
7f11faa6f000-7f11faa83000 ---p 00000000 00:00 0 
7f11faa83000-7f11faa85000 rw-p 00000000 00:00 0 
7f11faa85000-7f11faa87000 ---p 00000000 00:00 0 
7f11faa87000-7f11faa88000 rw-p 00000000 00:00 0 
7f11faa88000-7f11fad28000 ---p 00000000 00:00 0 
7f11fad28000-7f11fb132000 rw-p 00000000 00:00 0 
7f11fb132000-7f11fb218000 ---p 00000000 00:00 0 
7f11fb218000-7f11fb225000 rw-p 00000000 00:00 0 
7f11fb225000-7f11fb303000 ---p 00000000 00:00 0 
7f11fb303000-7f11fb308000 rw-p 00000000 00:00 0 
7f11fb308000-7f11fb30f000 ---p 00000000 00:00 0 
7f11fb30f000-7f11fb333000 r-xp 00000000 00:2c 8390362379111938596        /run/flatpak/doc/6185d139/zulu17.44.53-ca-jdk17.0.8.1-linux_x64/lib/libjava.so
7f11fb333000-7f11fb334000 ---p 00024000 00:2c 8390362379111938596        /run/flatpak/doc/6185d139/zulu17.44.53-ca-jdk17.0.8.1-linux_x64/lib/libjava.so
7f11fb334000-7f11fb335000 r--p 00024000 00:2c 8390362379111938596        /run/flatpak/doc/6185d139/zulu17.44.53-ca-jdk17.0.8.1-linux_x64/lib/libjava.so
7f11fb335000-7f11fb336000 rw-p 00025000 00:2c 8390362379111938596        /run/flatpak/doc/6185d139/zulu17.44.53-ca-jdk17.0.8.1-linux_x64/lib/libjava.so
7f11fb336000-7f11fb337000 rw-p 00000000 00:00 0 
7f11fb337000-7f11fb352000 r-xp 00000000 00:2c 4574831929522160363        /run/flatpak/doc/6185d139/zulu17.44.53-ca-jdk17.0.8.1-linux_x64/lib/libjimage.so
7f11fb352000-7f11fb354000 r--p 0001a000 00:2c 4574831929522160363        /run/flatpak/doc/6185d139/zulu17.44.53-ca-jdk17.0.8.1-linux_x64/lib/libjimage.so
7f11fb354000-7f11fb355000 rw-p 0001c000 00:2c 4574831929522160363        /run/flatpak/doc/6185d139/zulu17.44.53-ca-jdk17.0.8.1-linux_x64/lib/libjimage.so
7f11fb355000-7f11fb359000 ---p 00000000 00:00 0 
7f11fb359000-7f11fb455000 rw-p 00000000 00:00 0 
7f11fb455000-7f11fb463000 r--p 00000000 08:05 693583                     /usr/lib/x86_64-linux-gnu/libm.so.6
7f11fb463000-7f11fb4d9000 r-xp 0000e000 08:05 693583                     /usr/lib/x86_64-linux-gnu/libm.so.6
7f11fb4d9000-7f11fb536000 r--p 00084000 08:05 693583                     /usr/lib/x86_64-linux-gnu/libm.so.6
7f11fb536000-7f11fb537000 r--p 000e0000 08:05 693583                     /usr/lib/x86_64-linux-gnu/libm.so.6
7f11fb537000-7f11fb538000 rw-p 000e1000 08:05 693583                     /usr/lib/x86_64-linux-gnu/libm.so.6
7f11fb538000-7f11fb539000 r--p 00000000 08:05 693630                     /usr/lib/x86_64-linux-gnu/librt.so.1
7f11fb539000-7f11fb53a000 r-xp 00001000 08:05 693630                     /usr/lib/x86_64-linux-gnu/librt.so.1
7f11fb53a000-7f11fb53b000 r--p 00002000 08:05 693630                     /usr/lib/x86_64-linux-gnu/librt.so.1
7f11fb53b000-7f11fb53c000 r--p 00002000 08:05 693630                     /usr/lib/x86_64-linux-gnu/librt.so.1
7f11fb53c000-7f11fb53d000 rw-p 00003000 08:05 693630                     /usr/lib/x86_64-linux-gnu/librt.so.1
7f11fb53d000-7f11fc785000 r-xp 00000000 00:2c 3275933300468759202        /run/flatpak/doc/6185d139/zulu17.44.53-ca-jdk17.0.8.1-linux_x64/lib/server/libjvm.so
7f11fc785000-7f11fc786000 ---p 01248000 00:2c 3275933300468759202        /run/flatpak/doc/6185d139/zulu17.44.53-ca-jdk17.0.8.1-linux_x64/lib/server/libjvm.so
7f11fc786000-7f11fc83f000 r--p 01248000 00:2c 3275933300468759202        /run/flatpak/doc/6185d139/zulu17.44.53-ca-jdk17.0.8.1-linux_x64/lib/server/libjvm.so
7f11fc83f000-7f11fc874000 rw-p 01301000 00:2c 3275933300468759202        /run/flatpak/doc/6185d139/zulu17.44.53-ca-jdk17.0.8.1-linux_x64/lib/server/libjvm.so
7f11fc874000-7f11fc8d2000 rw-p 00000000 00:00 0 
7f11fc8d2000-7f11fc8fa000 r--p 00000000 08:05 693543                     /usr/lib/x86_64-linux-gnu/libc.so.6
7f11fc8fa000-7f11fca7a000 r-xp 00028000 08:05 693543                     /usr/lib/x86_64-linux-gnu/libc.so.6
7f11fca7a000-7f11fcacc000 r--p 001a8000 08:05 693543                     /usr/lib/x86_64-linux-gnu/libc.so.6
7f11fcacc000-7f11fcacd000 ---p 001fa000 08:05 693543                     /usr/lib/x86_64-linux-gnu/libc.so.6
7f11fcacd000-7f11fcad1000 r--p 001fa000 08:05 693543                     /usr/lib/x86_64-linux-gnu/libc.so.6
7f11fcad1000-7f11fcad3000 rw-p 001fe000 08:05 693543                     /usr/lib/x86_64-linux-gnu/libc.so.6
7f11fcad3000-7f11fcae0000 rw-p 00000000 00:00 0 
7f11fcae0000-7f11fcae1000 r--p 00000000 08:05 693574                     /usr/lib/x86_64-linux-gnu/libdl.so.2
7f11fcae1000-7f11fcae2000 r-xp 00001000 08:05 693574                     /usr/lib/x86_64-linux-gnu/libdl.so.2
7f11fcae2000-7f11fcae3000 r--p 00002000 08:05 693574                     /usr/lib/x86_64-linux-gnu/libdl.so.2
7f11fcae3000-7f11fcae4000 r--p 00002000 08:05 693574                     /usr/lib/x86_64-linux-gnu/libdl.so.2
7f11fcae4000-7f11fcae5000 rw-p 00003000 08:05 693574                     /usr/lib/x86_64-linux-gnu/libdl.so.2
7f11fcae5000-7f11fcae6000 r--p 00000000 08:05 692152                     /usr/lib/x86_64-linux-gnu/libpthread.so.0
7f11fcae6000-7f11fcae7000 r-xp 00001000 08:05 692152                     /usr/lib/x86_64-linux-gnu/libpthread.so.0
7f11fcae7000-7f11fcae8000 r--p 00002000 08:05 692152                     /usr/lib/x86_64-linux-gnu/libpthread.so.0
7f11fcae8000-7f11fcae9000 r--p 00002000 08:05 692152                     /usr/lib/x86_64-linux-gnu/libpthread.so.0
7f11fcae9000-7f11fcaea000 rw-p 00003000 08:05 692152                     /usr/lib/x86_64-linux-gnu/libpthread.so.0
7f11fcaea000-7f11fcaf9000 r-xp 00000000 00:2c 9825000925175088698        /run/flatpak/doc/6185d139/zulu17.44.53-ca-jdk17.0.8.1-linux_x64/lib/libjli.so
7f11fcaf9000-7f11fcafa000 r--p 0000e000 00:2c 9825000925175088698        /run/flatpak/doc/6185d139/zulu17.44.53-ca-jdk17.0.8.1-linux_x64/lib/libjli.so
7f11fcafa000-7f11fcafb000 rw-p 0000f000 00:2c 9825000925175088698        /run/flatpak/doc/6185d139/zulu17.44.53-ca-jdk17.0.8.1-linux_x64/lib/libjli.so
7f11fcafb000-7f11fcafe000 r--p 00000000 08:05 655242                     /usr/lib/x86_64-linux-gnu/libz.so.1.2.13
7f11fcafe000-7f11fcb0d000 r-xp 00003000 08:05 655242                     /usr/lib/x86_64-linux-gnu/libz.so.1.2.13
7f11fcb0d000-7f11fcb13000 r--p 00012000 08:05 655242                     /usr/lib/x86_64-linux-gnu/libz.so.1.2.13
7f11fcb13000-7f11fcb14000 ---p 00018000 08:05 655242                     /usr/lib/x86_64-linux-gnu/libz.so.1.2.13
7f11fcb14000-7f11fcb15000 r--p 00018000 08:05 655242                     /usr/lib/x86_64-linux-gnu/libz.so.1.2.13
7f11fcb15000-7f11fcb16000 rw-p 00019000 08:05 655242                     /usr/lib/x86_64-linux-gnu/libz.so.1.2.13
7f11fcb16000-7f11fcb17000 r--p 00000000 08:05 651134                     /usr/share/runtime/locale/pt/lib/pt_BR.utf8/LC_TELEPHONE
7f11fcb17000-7f11fcb18000 r--p 00000000 08:05 651148                     /usr/share/runtime/locale/pt/lib/pt_BR.utf8/LC_MEASUREMENT
7f11fcb18000-7f11fcb19000 r--p 00000000 08:05 651088                     /usr/share/runtime/locale/pt/lib/pt_BR.utf8/LC_IDENTIFICATION
7f11fcb19000-7f11fcb21000 rw-s 00000000 00:2e 591                        /tmp/hsperfdata_bolzan/6219 (deleted)
7f11fcb21000-7f11fcb22000 ---p 00000000 00:00 0 
7f11fcb22000-7f11fcb23000 r--p 00000000 00:00 0 
7f11fcb23000-7f11fcb24000 ---p 00000000 00:00 0 
7f11fcb24000-7f11fcb26000 rw-p 00000000 00:00 0 
7f11fcb26000-7f11fcb28000 r--p 00000000 08:05 693746                     /usr/lib/x86_64-linux-gnu/ld-linux-x86-64.so.2
7f11fcb28000-7f11fcb50000 r-xp 00002000 08:05 693746                     /usr/lib/x86_64-linux-gnu/ld-linux-x86-64.so.2
7f11fcb50000-7f11fcb5b000 r--p 0002a000 08:05 693746                     /usr/lib/x86_64-linux-gnu/ld-linux-x86-64.so.2
7f11fcb5b000-7f11fcb5d000 r--p 00034000 08:05 693746                     /usr/lib/x86_64-linux-gnu/ld-linux-x86-64.so.2
7f11fcb5d000-7f11fcb5f000 rw-p 00036000 08:05 693746                     /usr/lib/x86_64-linux-gnu/ld-linux-x86-64.so.2
7ffdd19d5000-7ffdd19f6000 rw-p 00000000 00:00 0                          [stack]
7ffdd19f9000-7ffdd19fd000 r--p 00000000 00:00 0                          [vvar]
7ffdd19fd000-7ffdd19ff000 r-xp 00000000 00:00 0                          [vdso]
ffffffffff600000-ffffffffff601000 --xp 00000000 00:00 0                  [vsyscall]


VM Arguments:
jvm_args: -XX:+ShowCodeDetailsInExceptionMessages 
java_command: com.aylmerbolzan.todolist.TodolistApplication
java_class_path (initial): /home/bolzan/Documentos/Codes/todolist/target/classes:/home/bolzan/.m2/repository/org/springframework/boot/spring-boot-starter-web/3.0.11/spring-boot-starter-web-3.0.11.jar:/home/bolzan/.m2/repository/org/springframework/boot/spring-boot-starter/3.0.11/spring-boot-starter-3.0.11.jar:/home/bolzan/.m2/repository/org/springframework/boot/spring-boot/3.0.11/spring-boot-3.0.11.jar:/home/bolzan/.m2/repository/org/springframework/boot/spring-boot-autoconfigure/3.0.11/spring-boot-autoconfigure-3.0.11.jar:/home/bolzan/.m2/repository/org/springframework/boot/spring-boot-starter-logging/3.0.11/spring-boot-starter-logging-3.0.11.jar:/home/bolzan/.m2/repository/ch/qos/logback/logback-classic/1.4.11/logback-classic-1.4.11.jar:/home/bolzan/.m2/repository/ch/qos/logback/logback-core/1.4.11/logback-core-1.4.11.jar:/home/bolzan/.m2/repository/org/apache/logging/log4j/log4j-to-slf4j/2.19.0/log4j-to-slf4j-2.19.0.jar:/home/bolzan/.m2/repository/org/apache/logging/log4j/log4j-api/2.19.0/log4j-api-2.19.0.jar:/home/bolzan/.m2/repository/org/slf4j/jul-to-slf4j/2.0.9/jul-to-slf4j-2.0.9.jar:/home/bolzan/.m2/repository/jakarta/annotation/jakarta.annotation-api/2.1.1/jakarta.annotation-api-2.1.1.jar:/home/bolzan/.m2/repository/org/yaml/snakeyaml/1.33/snakeyaml-1.33.jar:/home/bolzan/.m2/repository/org/springframework/boot/spring-boot-starter-json/3.0.11/spring-boot-starter-json-3.0.11.jar:/home/bolzan/.m2/repository/com/fasterxml/jackson/core/jackson-databind/2.14.3/jackson-databind-2.14.3.jar:/home/bolzan/.m2/repository/com/fasterxml/jackson/core/jackson-annotations/2.14.3/jackson-annotations-2.14.3.jar:/home/bolzan/.m2/repository/com/fasterxml/jackson/core/jackson-core/2.14.3/jackson-core-2.14.3.jar:/home/bolzan/.m2/repository/com/fasterxml/jackson/datatype/jackson-datatype-jdk8/2.14.3/jackson-datatype-jdk8-2.14.3.jar:/home/bolzan/.m2/repository/com/fasterxml/jackson/datatype/jackson-datatype-jsr310/2.14.3/jackson-datatype-jsr310-2.14.3.jar:/home/bolzan/.m2/reposit
Launcher Type: SUN_STANDARD

[Global flags]
     intx CICompilerCount                          = 3                                         {product} {ergonomic}
     uint ConcGCThreads                            = 1                                         {product} {ergonomic}
     uint G1ConcRefinementThreads                  = 4                                         {product} {ergonomic}
   size_t G1HeapRegionSize                         = 1048576                                   {product} {ergonomic}
    uintx GCDrainStackTargetSize                   = 64                                        {product} {ergonomic}
   size_t InitialHeapSize                          = 94371840                                  {product} {ergonomic}
   size_t MarkStackSize                            = 4194304                                   {product} {ergonomic}
   size_t MaxHeapSize                              = 1505755136                                {product} {ergonomic}
   size_t MaxNewSize                               = 902823936                                 {product} {ergonomic}
   size_t MinHeapDeltaBytes                        = 1048576                                   {product} {ergonomic}
   size_t MinHeapSize                              = 8388608                                   {product} {ergonomic}
    uintx NonNMethodCodeHeapSize                   = 5832780                                {pd product} {ergonomic}
    uintx NonProfiledCodeHeapSize                  = 122912730                              {pd product} {ergonomic}
    uintx ProfiledCodeHeapSize                     = 122912730                              {pd product} {ergonomic}
    uintx ReservedCodeCacheSize                    = 251658240                              {pd product} {ergonomic}
     bool SegmentedCodeCache                       = true                                      {product} {ergonomic}
     bool ShowCodeDetailsInExceptionMessages       = true                                   {manageable} {command line}
   size_t SoftMaxHeapSize                          = 1505755136                             {manageable} {ergonomic}
     bool UseCompressedClassPointers               = true                           {product lp64_product} {ergonomic}
     bool UseCompressedOops                        = true                           {product lp64_product} {ergonomic}
     bool UseG1GC                                  = true                                      {product} {ergonomic}

Logging:
Log output configuration:
 #0: stdout all=off uptime,level,tags
 #1: stderr all=off uptime,level,tags

Environment Variables:
JAVA_HOME=/usr/lib/jvm/java-17-oracle
CLASSPATH=.:/usr/lib/jvm/java-18-openjdk-amd64//lib/tools.jar
PATH=/app/bin:/app/bin:/app/bin:/usr/bin:/home/bolzan/.var/app/com.visualstudio.code/data/node_modules/bin
LD_LIBRARY_PATH=/app/lib
SHELL=/bin/sh
DISPLAY=:99.0
LANG=pt_BR.UTF-8
TERM=xterm-256color

Active Locale:
LC_ALL=pt_BR.UTF-8
LC_COLLATE=pt_BR.UTF-8
LC_CTYPE=pt_BR.UTF-8
LC_MESSAGES=pt_BR.UTF-8
LC_MONETARY=pt_BR.UTF-8
LC_NUMERIC=pt_BR.UTF-8
LC_TIME=pt_BR.UTF-8

Signal Handlers:
   SIGSEGV: 0x00007f11fc44b7b0 in libjvm.so+15787952, mask=11100100010111111101111111111110, flags=SA_RESTART|SA_SIGINFO, unblocked
    SIGBUS: 0x00007f11fc44b7b0 in libjvm.so+15787952, mask=11100100010111111101111111111110, flags=SA_RESTART|SA_SIGINFO, unblocked
    SIGFPE: 0x00007f11fc44b7b0 in libjvm.so+15787952, mask=11100100010111111101111111111110, flags=SA_RESTART|SA_SIGINFO, unblocked
   SIGPIPE: 0x00007f11fc2f1330 in libjvm.so+14369584, mask=11100100010111111101111111111110, flags=SA_RESTART|SA_SIGINFO, blocked
  *** Handler was modified!
  *** Expected: 0x00007f11f4134060, mask=00000101101001101000000000101111, flags=SA_RESTART|SA_SIGINFO
   SIGXFSZ: 0x00007f11fc2f1330 in libjvm.so+14369584, mask=11100100010111111101111111111110, flags=SA_RESTART|SA_SIGINFO, blocked
  *** Handler was modified!
  *** Expected: 0x00007f11f4016320, mask=00001001000000000000000000101111, flags=SA_RESTART|SA_SIGINFO
    SIGILL: 0x00007f11fc44b7b0 in libjvm.so+15787952, mask=11100100010111111101111111111110, flags=SA_RESTART|SA_SIGINFO, unblocked
   SIGUSR2: 0x00007f11fc2f0a20 in libjvm.so+14367264, mask=00000000000000000000000000000000, flags=SA_RESTART|SA_SIGINFO, blocked
  *** Handler was modified!
  *** Expected: 0x00007f16051e2286, mask=01110111111000010011110111110110, flags=SA_RESTART|SA_SIGINFO
    SIGHUP: 0x00007f11fc2f0960 in libjvm.so+14367072, mask=11100100010111111101111111111110, flags=SA_RESTART|SA_SIGINFO, blocked
    SIGINT: 0x00007f11fc2f0960 in libjvm.so+14367072, mask=11100100010111111101111111111110, flags=SA_RESTART|SA_SIGINFO, blocked
   SIGTERM: 0x00007f11fc2f0960 in libjvm.so+14367072, mask=11100100010111111101111111111110, flags=SA_RESTART|SA_SIGINFO, blocked
   SIGQUIT: 0x00007f11fc2f0960 in libjvm.so+14367072, mask=11100100010111111101111111111110, flags=SA_RESTART|SA_SIGINFO, blocked
   SIGTRAP: 0x00007f11fc44b7b0 in libjvm.so+15787952, mask=11100100010111111101111111111110, flags=SA_RESTART|SA_SIGINFO, unblocked


---------------  S Y S T E M  ---------------

OS:
NAME="Freedesktop SDK"
VERSION="22.08 (Flatpak runtime)"
VERSION_ID=22.08
ID=org.freedesktop.platform
PRETTY_NAME="Freedesktop.org SDK 22.08 (Flatpak runtime)"
BUG_REPORT_URL=https://gitlab.com/freedesktop-sdk/freedesktop-sdk/issues
uname: Linux 5.15.0-86-generic #96-Ubuntu SMP Wed Sep 20 08:23:49 UTC 2023 x86_64
OS uptime: 0 days 0:36 hours
libc: glibc 2.35 NPTL 2.35 
rlimit (soft/hard): STACK 8192k/infinity , CORE 0k/infinity , NPROC 22451/22451 , NOFILE 1048576/1048576 , AS infinity/infinity , CPU infinity/infinity , DATA infinity/infinity , FSIZE infinity/infinity , MEMLOCK 734900k/734900k
load average: 2,33 5,38 6,55

/proc/meminfo:
MemTotal:        5879204 kB
MemFree:         3044060 kB
MemAvailable:    3733744 kB
Buffers:           38588 kB
Cached:           924628 kB
SwapCached:         1956 kB
Active:           549512 kB
Inactive:        1992908 kB
Active(anon):      85660 kB
Inactive(anon):  1599736 kB
Active(file):     463852 kB
Inactive(file):   393172 kB
Unevictable:          76 kB
Mlocked:              16 kB
SwapTotal:       5999612 kB
SwapFree:        5951152 kB
Dirty:               140 kB
Writeback:             0 kB
AnonPages:       1578252 kB
Mapped:           271860 kB
Shmem:            106156 kB
KReclaimable:      92376 kB
Slab:             164328 kB
SReclaimable:      92376 kB
SUnreclaim:        71952 kB
KernelStack:        5168 kB
PageTables:         8384 kB
NFS_Unstable:          0 kB
Bounce:                0 kB
WritebackTmp:          0 kB
CommitLimit:     8939212 kB
Committed_AS:    2481268 kB
VmallocTotal:   34359738367 kB
VmallocUsed:       40812 kB
VmallocChunk:          0 kB
Percpu:             5824 kB
HardwareCorrupted:     0 kB
AnonHugePages:         0 kB
ShmemHugePages:        0 kB
ShmemPmdMapped:        0 kB
FileHugePages:         0 kB
FilePmdMapped:         0 kB
HugePages_Total:       0
HugePages_Free:        0
HugePages_Rsvd:        0
HugePages_Surp:        0
Hugepagesize:       2048 kB
Hugetlb:               0 kB
DirectMap4k:      277244 kB
DirectMap2M:     5828608 kB

/sys/kernel/mm/transparent_hugepage/enabled: <Not Available>
/sys/kernel/mm/transparent_hugepage/defrag (defrag/compaction efforts parameter): <Not Available>

Process Memory:
Virtual Size: 5174056K (peak: 5174056K)
Resident Set Size: 155004K (peak: 160184K) (anon: 132248K, file: 22724K, shmem: 32K)
Swapped out: 0K
C-Heap outstanding allocations: 24383K, retained: 30652K
glibc malloc tunables: (default)

/proc/sys/kernel/threads-max (system-wide limit on the number of threads): 44902
/proc/sys/vm/max_map_count (maximum number of memory map areas a process may have): 65530
/proc/sys/kernel/pid_max (system-wide limit on number of process identifiers): 4194304

container information not found.
Steal ticks since vm start: 0
Steal ticks percentage since vm start:  0,000

CPU: total 4 (initial active 4) (2 cores per cpu, 2 threads per core) family 6 model 58 stepping 9 microcode 0x21, cx8, cmov, fxsr, ht, mmx, sse, sse2, sse3, ssse3, sse4.1, sse4.2, popcnt, tsc, tscinvbit, avx, aes, erms, clmul, vzeroupper, clflush
CPU Model and flags from /proc/cpuinfo:
model name	: Intel(R) Core(TM) i5-3230M CPU @ 2.60GHz
flags		: fpu vme de pse tsc msr pae mce cx8 apic sep mtrr pge mca cmov pat pse36 clflush dts acpi mmx fxsr sse sse2 ss ht tm pbe syscall nx rdtscp lm constant_tsc arch_perfmon pebs bts rep_good nopl xtopology nonstop_tsc cpuid aperfmperf pni pclmulqdq dtes64 monitor ds_cpl vmx est tm2 ssse3 cx16 xtpr pdcm pcid sse4_1 sse4_2 x2apic popcnt tsc_deadline_timer aes xsave avx f16c rdrand lahf_lm cpuid_fault epb pti ssbd ibrs ibpb stibp tpr_shadow vnmi flexpriority ept vpid fsgsbase smep erms xsaveopt dtherm ida arat pln pts md_clear flush_l1d

Online cpus: 0-3
Offline cpus: 4-7
BIOS frequency limitation: <Not Available>
Frequency switch latency (ns): 20000
Available cpu frequencies: <Not Available>
Current governor: schedutil
Core performance/turbo boost: <Not Available>

Memory: 4k page, physical 5879204k(3044060k free), swap 5999612k(5951152k free)
Page Sizes: 4k

vm_info: OpenJDK 64-Bit Server VM (17.0.8.1+1-LTS) for linux-amd64 JRE (17.0.8.1+1-LTS) (Zulu17.44+53-CA), built on Aug 23 2023 12:41:46 by "zulu_re" with gcc 8.3.0

END.
